#
# A fatal error has been detected by the Java Runtime Environment:
#
#  SIGBUS (0xa) at pc=0x000000010e6694f0, pid=66911, tid=35339
#
# JRE version: OpenJDK Runtime Environment Zulu17.34+19-CA (17.0.3+7) (build 17.0.3+7-LTS)
# Java VM: OpenJDK 64-Bit Server VM Zulu17.34+19-CA (17.0.3+7-LTS, mixed mode, tiered, compressed oops, compressed class ptrs, g1 gc, bsd-aarch64)
# Problematic frame:
# v  ~StubRoutines::SafeFetchN
#
# No core dump will be written. Core dumps have been disabled. To enable core dumping, try "ulimit -c unlimited" before starting Java again
#
# If you would like to submit a bug report, please visit:
#   http://www.azul.com/support/
# The crash happened outside the Java Virtual Machine in native code.
# See problematic frame for where to report the bug.
#

---------------  S U M M A R Y ------------

Command Line: --add-modules=javafx.controls,javafx.fxml --module-path=/Users/davi/.gradle/caches/modules-2/files-2.1/org.jetbrains.kotlin/kotlin-stdlib-common/1.6.10/c118700e3a33c8a0d9adc920e9dec0831171925/kotlin-stdlib-common-1.6.10.jar:/Users/davi/.gradle/caches/modules-2/files-2.1/org.jetbrains.kotlin/kotlin-stdlib/1.6.10/b8af3fe6f1ca88526914929add63cf5e7c5049af/kotlin-stdlib-1.6.10.jar:/Users/davi/.gradle/caches/modules-2/files-2.1/org.jetbrains.kotlin/kotlin-stdlib-jdk7/1.6.10/e1c380673654a089c4f0c9f83d0ddfdc1efdb498/kotlin-stdlib-jdk7-1.6.10.jar:/Users/davi/.gradle/caches/modules-2/files-2.1/org.openjfx/javafx-controls/17.0.1/f25bc1e26af2cfcbc91eac65e51cfbd8eed348a2/javafx-controls-17.0.1-mac-aarch64.jar:/Users/davi/.gradle/caches/modules-2/files-2.1/org.jetbrains/annotations/13.0/919f0dfe192fb4e063e7dacadee7f8bb9a2672a9/annotations-13.0.jar:/Users/davi/.gradle/caches/modules-2/files-2.1/org.openjfx/javafx-base/17.0.1/6df1a3c0d8a9ecd6b5128a205fa45d16ef681268/javafx-base-17.0.1-mac-aarch64.jar:/Users/davi/Desktop/dcsena/a3/project/code/build/classes/merged:/Users/davi/Desktop/dcsena/a3/project/code/build/libs/code-1.0-SNAPSHOT.jar:/Users/davi/.gradle/caches/modules-2/files-2.1/org.jetbrains.kotlin/kotlin-stdlib-jdk8/1.6.10/e80fe6ac3c3573a80305f5ec43f86b829e8ab53d/kotlin-stdlib-jdk8-1.6.10.jar:/Users/davi/.gradle/caches/modules-2/files-2.1/org.openjfx/javafx-graphics/17.0.1/efb1e61df3494f7db795af38eb39dfb64affe45/javafx-graphics-17.0.1-mac-aarch64.jar:/Users/davi/.gradle/caches/modules-2/files-2.1/org.openjfx/javafx-fxml/17.0.1/f1e8bc5d76073c281092a8f9dcf399e273b41245/javafx-fxml-17.0.1-mac-aarch64.jar --patch-module=com.example.code=/Users/davi/Desktop/dcsena/a3/project/code/build/resources/main -Dfile.encoding=UTF-8 -Duser.country=CA -Duser.language=en -Duser.variant -Djdk.module.main=com.example.code com.example.code/com.example.code.HelloApplication

Host: "MacBookPro17,1" arm64, 8 cores, 16G, Darwin 21.2.0, macOS 12.1 (21C52)
Time: Wed Jun 29 13:21:36 2022 EDT elapsed time: 2.441944 seconds (0d 0h 0m 2s)

---------------  T H R E A D  ---------------

Current thread (0x0000000142ad2200):  JavaThread "InvokeLaterDispatcher" daemon [_thread_in_native, id=35339, stack(0x000000016deb8000,0x000000016e0bb000)]

Stack: [0x000000016deb8000,0x000000016e0bb000],  sp=0x000000016e0ba780,  free space=2057k
Native frames: (J=compiled Java code, j=interpreted, Vv=VM code, C=native code)
v  ~StubRoutines::SafeFetchN
V  [libjvm.dylib+0x7bb43c]  _ZN10OopStorage7releaseEPKP7oopDesc+0x20
V  [libjvm.dylib+0x4c5fb0]  jni_DeleteGlobalRef+0xd8
C  [libglass.dylib+0xab08]  -[GlassRunnable dealloc]+0x34
C  [Foundation+0x84c7c]  -[_NSThreadPerformInfo dealloc]+0x30
C  [Foundation+0x51578]  -[NSObject(NSThreadPerformAdditions) performSelectorOnMainThread:withObject:waitUntilDone:]+0x88
C  0x8d6c80010e6718ac
j  com.sun.glass.ui.mac.MacApplication.submitForLaterInvocation(Ljava/lang/Runnable;)V+2 javafx.graphics
j  com.sun.glass.ui.InvokeLaterDispatcher.run()V+82 javafx.graphics
v  ~StubRoutines::call_stub
V  [libjvm.dylib+0x46b050]  _ZN9JavaCalls11call_helperEP9JavaValueRK12methodHandleP17JavaCallArgumentsP10JavaThread+0x38c
V  [libjvm.dylib+0x46a06c]  _ZN9JavaCalls12call_virtualEP9JavaValueP5KlassP6SymbolS5_P17JavaCallArgumentsP10JavaThread+0x11c
V  [libjvm.dylib+0x46a138]  _ZN9JavaCalls12call_virtualEP9JavaValue6HandleP5KlassP6SymbolS6_P10JavaThread+0x64
V  [libjvm.dylib+0x5228d0]  _ZL12thread_entryP10JavaThreadS0_+0xc4
V  [libjvm.dylib+0x9a3040]  _ZN10JavaThread17thread_main_innerEv+0x13c
V  [libjvm.dylib+0x9a171c]  _ZN6Thread8call_runEv+0x128
V  [libjvm.dylib+0x7c2248]  _ZL19thread_native_entryP6Thread+0x158
C  [libsystem_pthread.dylib+0x7240]  _pthread_start+0x94

Java frames: (J=compiled Java code, j=interpreted, Vv=VM code)
j  com.sun.glass.ui.mac.MacApplication._submitForLaterInvocation(Ljava/lang/Runnable;)V+0 javafx.graphics
j  com.sun.glass.ui.mac.MacApplication.submitForLaterInvocation(Ljava/lang/Runnable;)V+2 javafx.graphics
j  com.sun.glass.ui.InvokeLaterDispatcher.run()V+82 javafx.graphics
v  ~StubRoutines::call_stub

siginfo: si_signo: 10 (SIGBUS), si_code: 1 (BUS_ADRALN), si_addr: 0x000000010e6694f0

Register to memory mapping:

 x0=0x0000000140f091c8 points into unknown readable memory: 0x0000000000000000 | 00 00 00 00 00 00 00 00
 x1=0x0 is NULL
 x2=0x00000006cf076ab0 is an oop: com.sun.glass.ui.InvokeLaterDispatcher$Future 
{0x00000006cf076ab0} - klass: 'com/sun/glass/ui/InvokeLaterDispatcher$Future'
 - ---- fields (total size 3 words):
 - private 'done' 'Z' @12  true
 - private final 'runnable' 'Ljava/lang/Runnable;' @16  a 'com/sun/javafx/tk/quantum/QuantumToolkit$$Lambda$114+0x0000000300108ec0'{0x00000006ce9f2130} (d9d3e426)
 - final synthetic 'this$0' 'Lcom/sun/glass/ui/InvokeLaterDispatcher;' @20  a 'com/sun/glass/ui/InvokeLaterDispatcher'{0x00000006ce815868} (d9d02b0d)
 x3=0x0 is NULL
 x4=0x00000000000130a8 is an unknown value
 x5=0x0 is NULL
 x6=0x0 is NULL
 x7=0x0 is NULL
 x8=0x000000010e6694ec is at begin+0 in a stub
StubRoutines::SafeFetchN [0x000000010e6694ec, 0x000000010e6694f8] (12 bytes)
 x9=0x0 is NULL
x10=0x2010000030300000 is an unknown value
x11=0x0000000000000007 is an unknown value
x12=0x0 is NULL
x13=0x000060000189fef0 points into unknown readable memory: 0x00000056293b7463 | 63 74 3b 29 56 00 00 00
x14=0x0000000000000001 is an unknown value
x15=0x0000000105899f98: OBJC_CLASS_$_GlassRunnable+0 in /Users/davi/.openjfx/cache/17.0.1/libglass.dylib at 0x0000000105854000
x16=0x00000001ad1dc094: pthread_getspecific+0 in /usr/lib/system/libsystem_pthread.dylib at 0x00000001ad1da000
x17=0x0000600001d8ca10 points into unknown readable memory: 0xfffffffffffffffe | fe ff ff ff ff ff ff ff
x18=0x0 is NULL
x19=0x0000600001d94620 points into unknown readable memory: 0x00006000034b35d0 | d0 35 4b 03 00 60 00 00
x20=0x0000000140f08fc0 points into unknown readable memory: 0x00006000023a3680 | 80 36 3a 02 00 60 00 00
x21=0x0000000140f091c8 points into unknown readable memory: 0x0000000000000000 | 00 00 00 00 00 00 00 00
x22=0x0000000142ad2200 is a thread
x23=0x0000000000000001 is an unknown value
x24=0x0000000140f09180 is a global jni handle
x25=0x0000000106838aa0: _ZN12StubRoutines17_safefetchN_entryE+0 in /Library/Java/JavaVirtualMachines/zulu-17.jdk/Contents/Home/lib/server/libjvm.dylib at 0x0000000105bd4000
x26=0x000000012b153410 is pointing into metadata
x27=0x0 is NULL
x28=0x0000000142ad2200 is a thread


Registers:
 x0=0x0000000140f091c8  x1=0x0000000000000000  x2=0x00000006cf076ab0  x3=0x0000000000000000
 x4=0x00000000000130a8  x5=0x0000000000000000  x6=0x0000000000000000  x7=0x0000000000000000
 x8=0x000000010e6694ec  x9=0x0000000000000000 x10=0x2010000030300000 x11=0x0000000000000007
x12=0x0000000000000000 x13=0x000060000189fef0 x14=0x0000000000000001 x15=0x0000000105899f98
x16=0x00000001ad1dc094 x17=0x0000600001d8ca10 x18=0x0000000000000000 x19=0x0000600001d94620
x20=0x0000000140f08fc0 x21=0x0000000140f091c8 x22=0x0000000142ad2200 x23=0x0000000000000001
x24=0x0000000140f09180 x25=0x0000000106838aa0 x26=0x000000012b153410 x27=0x0000000000000000
x28=0x0000000142ad2200  fp=0x000000016e0ba7c0  lr=0x000000010638e20c  sp=0x000000016e0ba780
pc=0x000000010e6694f0 cpsr=0x0000000060001000
Top of Stack: (sp=0x000000016e0ba780)
0x000000016e0ba780:   000000012b153410 0000000000000001
0x000000016e0ba790:   000000016e0ba988 0000000000000000
0x000000016e0ba7a0:   00000001411b8ea8 0000000140f091b0
0x000000016e0ba7b0:   0000000140f091b0 0000600001d94620
0x000000016e0ba7c0:   000000016e0ba800 000000010638f43c
0x000000016e0ba7d0:   0000000000000001 0000000140f091b0
0x000000016e0ba7e0:   00000001411b8ea8 0000000140f091b0
0x000000016e0ba7f0:   0000000000000001 00000001411b8c00
0x000000016e0ba800:   000000016e0ba840 0000000106099fb0
0x000000016e0ba810:   000000016e0ba988 0000600003580770
0x000000016e0ba820:   0000600003581580 00000001f770c474
0x000000016e0ba830:   0000000000000000 0000600003581580
0x000000016e0ba840:   000000016e0ba870 000000010585eb08
0x000000016e0ba850:   3990c134ddeb00dd 0000000000000000
0x000000016e0ba860:   0000000000000000 0000600002301ec0
0x000000016e0ba870:   000000016e0ba8b0 00000001ae1a0c7c
0x000000016e0ba880:   000000016e0ba988 0000600003580770
0x000000016e0ba890:   0000600003581580 3990c134ddeb00dd
0x000000016e0ba8a0:   0000000000000000 0000000000000000
0x000000016e0ba8b0:   000000016e0ba8f0 04078001ae16d578
0x000000016e0ba8c0:   000000016e0ba988 000000010e6707c0
0x000000016e0ba8d0:   0000000000000000 0000000106840460
0x000000016e0ba8e0:   000000016e0ba900 000000010e66f730
0x000000016e0ba8f0:   000000016e0ba960 8d6c80010e6718ac
0x000000016e0ba900:   000000016e0ba900 00000001289a153d
0x000000016e0ba910:   000000016e0ba910 0000000000000000
0x000000016e0ba920:   000000016e0ba988 000000012b153410
0x000000016e0ba930:   00000006ce9155b8 0000000000000000
0x000000016e0ba940:   0000000000000000 000000012b12b928
0x000000016e0ba950:   0000000000000000 000000016e0ba960
0x000000016e0ba960:   000000016e0ba9e0 000000010e66dfc8
0x000000016e0ba970:   0000000000000000 0000000000000000 

Instructions: (pc=0x000000010e6694f0)
0x000000010e6693f0:   f2a0d009 f2c00029 6d425935 1e640886
0x000000010e669400:   0c402d31 1e6408c7 1f5654d0 1e6c1017
0x000000010e669410:   1f5050d0 1f504cd0 1f5048d0 1e650af6
0x000000010e669420:   1f50d8f6 1f5694d6 1f5158f6 1e762880
0x000000010e669430:   36000501 1e614000 14000026 2e251ca5
0x000000010e669440:   d28a3009 f2a0d009 f2c00029 6d425d36
0x000000010e669450:   1e600806 0c402d32 1f5758c7 1e6c101a
0x000000010e669460:   1f4754c7 1e650805 1f4750c7 d2866668
0x000000010e669470:   f2a7fa68 1f474cc7 1e6608c0 1f4748c7
0x000000010e669480:   1e6e1019 eb08007f 540000ac 1f479400
0x000000010e669490:   1f460340 1e603b20 1400000e d2a7fd29
0x000000010e6694a0:   eb09007f 540000ac 51480069 d3607d29
0x000000010e6694b0:   9e670121 14000002 1e6a5001 1f679417
0x000000010e6694c0:   1f668742 1e613b23 1e773857 1e773860
0x000000010e6694d0:   a8c17ff3 910003bf a8c17bfd d65f03c0
0x000000010e6694e0:   b9400001 aa0103e0 d65f03c0 f9400001
0x000000010e6694f0:   aa0103e0 d65f03c0 00000000 00000000
0x000000010e669500:   00000000 00000000 00000000 00000000
0x000000010e669510:   00000000 00000000 00000000 00000000
0x000000010e669520:   00000000 00000000 00000000 00000000
0x000000010e669530:   00000000 00000000 00000000 00000000
0x000000010e669540:   00000000 00000000 00000000 00000000
0x000000010e669550:   00000000 00000000 00000000 00000000
0x000000010e669560:   00000000 00000000 00000000 00000000
0x000000010e669570:   00000000 00000000 00000000 00000000
0x000000010e669580:   00000000 00000000 00000000 00000000
0x000000010e669590:   00000000 00000000 00000000 00000000
0x000000010e6695a0:   00000000 00000000 00000000 00000000
0x000000010e6695b0:   00000000 00000000 00000000 00000000
0x000000010e6695c0:   00000000 00000000 00000000 00000000
0x000000010e6695d0:   00000000 00000000 00000000 00000000
0x000000010e6695e0:   00000000 00000000 00000000 00000000 


Stack slot to memory mapping:
stack at sp + 0 slots: 0x000000012b153410 is pointing into metadata
stack at sp + 1 slots: 0x0000000000000001 is an unknown value
stack at sp + 2 slots: 0x000000016e0ba988 is pointing into the stack for thread: 0x0000000142ad2200
stack at sp + 3 slots: 0x0 is NULL
stack at sp + 4 slots: 0x00000001411b8ea8 points into unknown readable memory: 0x00000001067f28a0 | a0 28 7f 06 01 00 00 00
stack at sp + 5 slots: 0x0000000140f091b0 is a global jni handle
stack at sp + 6 slots: 0x0000000140f091b0 is a global jni handle
stack at sp + 7 slots: 0x0000600001d94620 points into unknown readable memory: 0x00006000034b35d0 | d0 35 4b 03 00 60 00 00

StubRoutines::SafeFetchN [0x000000010e6694ec, 0x000000010e6694f8] (12 bytes)
[MachCode]
  0x000000010e6694ec: 0100 40f9 | e003 01aa | c003 5fd6 
[/MachCode]

---------------  P R O C E S S  ---------------

Threads class SMR info:
_java_thread_list=0x00006000036fdda0, length=16, elements={
0x0000000141015e00, 0x00000001428d7800, 0x00000001428da000, 0x00000001428d8200,
0x00000001428d8800, 0x00000001428d8e00, 0x00000001428d9400, 0x00000001428d9a00,
0x00000001428ee800, 0x000000014291ee00, 0x0000000141808a00, 0x0000000141059e00,
0x0000000142ad2200, 0x00000001411b8c00, 0x0000000142b1e000, 0x00000001419bd600
}

Java Threads: ( => current thread )
  0x0000000141015e00 JavaThread "main" [_thread_blocked, id=9987, stack(0x000000016b6bc000,0x000000016b8bf000)]
  0x00000001428d7800 JavaThread "Reference Handler" daemon [_thread_blocked, id=16899, stack(0x000000016c510000,0x000000016c713000)]
  0x00000001428da000 JavaThread "Finalizer" daemon [_thread_blocked, id=16643, stack(0x000000016c71c000,0x000000016c91f000)]
  0x00000001428d8200 JavaThread "Signal Dispatcher" daemon [_thread_blocked, id=42243, stack(0x000000016ca40000,0x000000016cc43000)]
  0x00000001428d8800 JavaThread "Service Thread" daemon [_thread_blocked, id=41731, stack(0x000000016cc4c000,0x000000016ce4f000)]
  0x00000001428d8e00 JavaThread "Monitor Deflation Thread" daemon [_thread_blocked, id=41219, stack(0x000000016ce58000,0x000000016d05b000)]
  0x00000001428d9400 JavaThread "C2 CompilerThread0" daemon [_thread_blocked, id=40963, stack(0x000000016d064000,0x000000016d267000)]
  0x00000001428d9a00 JavaThread "C1 CompilerThread0" daemon [_thread_blocked, id=40451, stack(0x000000016d270000,0x000000016d473000)]
  0x00000001428ee800 JavaThread "Sweeper thread" daemon [_thread_blocked, id=23299, stack(0x000000016d47c000,0x000000016d67f000)]
  0x000000014291ee00 JavaThread "Common-Cleaner" daemon [_thread_blocked, id=23555, stack(0x000000016d688000,0x000000016d88b000)]
  0x0000000141808a00 JavaThread "Notification Thread" daemon [_thread_blocked, id=24067, stack(0x000000016d894000,0x000000016da97000)]
  0x0000000141059e00 JavaThread "QuantumRenderer-0" daemon [_thread_blocked, id=24579, stack(0x000000016dcac000,0x000000016deaf000)]
=>0x0000000142ad2200 JavaThread "InvokeLaterDispatcher" daemon [_thread_in_native, id=35339, stack(0x000000016deb8000,0x000000016e0bb000)]
  0x00000001411b8c00 JavaThread "JavaFX Application Thread" [_thread_in_vm, id=259, stack(0x000000016ae34000,0x000000016b630000)]
  0x0000000142b1e000 JavaThread "PulseTimer-CVDisplayLink thread" daemon [_thread_in_native, id=52487, stack(0x000000016e0c4000,0x000000016e147000)]
  0x00000001419bd600 JavaThread "JavaFX-Launcher" [_thread_blocked, id=77067, stack(0x000000016e3e8000,0x000000016e5eb000)]

Other Threads:
  0x000000014200ada0 VMThread "VM Thread" [stack: 0x000000016c304000,0x000000016c507000] [id=17411]
  0x0000000140e1d900 WatcherThread [stack: 0x000000016daa0000,0x000000016dca3000] [id=39683]
  0x00000001420066b0 GCTaskThread "GC Thread#0" [stack: 0x000000016b8c8000,0x000000016bacb000] [id=12035]
  0x0000000140f3a8c0 GCTaskThread "GC Thread#1" [stack: 0x000000016e5f4000,0x000000016e7f7000] [id=57859]
  0x000000014203bfd0 GCTaskThread "GC Thread#2" [stack: 0x000000016e800000,0x000000016ea03000] [id=73475]
  0x000000014203c450 GCTaskThread "GC Thread#3" [stack: 0x000000016ea0c000,0x000000016ec0f000] [id=58371]
  0x0000000140e2fb30 GCTaskThread "GC Thread#4" [stack: 0x000000016ec18000,0x000000016ee1b000] [id=58883]
  0x0000000140e30080 GCTaskThread "GC Thread#5" [stack: 0x000000016ee24000,0x000000016f027000] [id=72963]
  0x0000000142006d60 ConcurrentGCThread "G1 Main Marker" [stack: 0x000000016bad4000,0x000000016bcd7000] [id=19203]
  0x00000001420075e0 ConcurrentGCThread "G1 Conc#0" [stack: 0x000000016bce0000,0x000000016bee3000] [id=12803]
  0x0000000142009450 ConcurrentGCThread "G1 Refine#0" [stack: 0x000000016beec000,0x000000016c0ef000] [id=13315]
  0x0000000140f05410 ConcurrentGCThread "G1 Service" [stack: 0x000000016c0f8000,0x000000016c2fb000] [id=18435]

Threads with active compile tasks:

VM state: not at safepoint (normal execution)

VM Mutex/Monitor currently owned by a thread: None

Heap address: 0x00000006c0000000, size: 4096 MB, Compressed Oops mode: Zero based, Oop shift amount: 3

CDS archive(s) not mapped
Compressed class space mapped at: 0x0000000300000000-0x0000000340000000, reserved size: 1073741824
Narrow klass base: 0x0000000000000000, Narrow klass shift: 3, Narrow klass range: 0x340000000

GC Precious Log:
 CPUs: 8 total, 8 available
 Memory: 16384M
 Large Page Support: Disabled
 NUMA Support: Disabled
 Compressed Oops: Enabled (Zero based)
 Heap Region Size: 2M
 Heap Min Capacity: 8M
 Heap Initial Capacity: 256M
 Heap Max Capacity: 4G
 Pre-touch: Disabled
 Parallel Workers: 8
 Concurrent Workers: 2
 Concurrent Refinement Workers: 8
 Periodic GC: Disabled

Heap:
 garbage-first heap   total 262144K, used 17090K [0x00000006c0000000, 0x00000007c0000000)
  region size 2048K, 10 young (20480K), 2 survivors (4096K)
 Metaspace       used 16468K, committed 16704K, reserved 1064960K
  class space    used 1947K, committed 2048K, reserved 1048576K

Heap Regions: E=young(eden), S=young(survivor), O=old, HS=humongous(starts), HC=humongous(continues), CS=collection set, F=free, OA=open archive, CA=closed archive, TAMS=top-at-mark-start (previous, next)
|   0|0x00000006c0000000, 0x00000006c0000000, 0x00000006c0200000|  0%| F|  |TAMS 0x00000006c0000000, 0x00000006c0000000| Untracked 
|   1|0x00000006c0200000, 0x00000006c0200000, 0x00000006c0400000|  0%| F|  |TAMS 0x00000006c0200000, 0x00000006c0200000| Untracked 
|   2|0x00000006c0400000, 0x00000006c0400000, 0x00000006c0600000|  0%| F|  |TAMS 0x00000006c0400000, 0x00000006c0400000| Untracked 
|   3|0x00000006c0600000, 0x00000006c0600000, 0x00000006c0800000|  0%| F|  |TAMS 0x00000006c0600000, 0x00000006c0600000| Untracked 
|   4|0x00000006c0800000, 0x00000006c0800000, 0x00000006c0a00000|  0%| F|  |TAMS 0x00000006c0800000, 0x00000006c0800000| Untracked 
|   5|0x00000006c0a00000, 0x00000006c0a00000, 0x00000006c0c00000|  0%| F|  |TAMS 0x00000006c0a00000, 0x00000006c0a00000| Untracked 
|   6|0x00000006c0c00000, 0x00000006c0c00000, 0x00000006c0e00000|  0%| F|  |TAMS 0x00000006c0c00000, 0x00000006c0c00000| Untracked 
|   7|0x00000006c0e00000, 0x00000006c0e00000, 0x00000006c1000000|  0%| F|  |TAMS 0x00000006c0e00000, 0x00000006c0e00000| Untracked 
|   8|0x00000006c1000000, 0x00000006c1000000, 0x00000006c1200000|  0%| F|  |TAMS 0x00000006c1000000, 0x00000006c1000000| Untracked 
|   9|0x00000006c1200000, 0x00000006c1200000, 0x00000006c1400000|  0%| F|  |TAMS 0x00000006c1200000, 0x00000006c1200000| Untracked 
|  10|0x00000006c1400000, 0x00000006c1400000, 0x00000006c1600000|  0%| F|  |TAMS 0x00000006c1400000, 0x00000006c1400000| Untracked 
|  11|0x00000006c1600000, 0x00000006c1600000, 0x00000006c1800000|  0%| F|  |TAMS 0x00000006c1600000, 0x00000006c1600000| Untracked 
|  12|0x00000006c1800000, 0x00000006c1800000, 0x00000006c1a00000|  0%| F|  |TAMS 0x00000006c1800000, 0x00000006c1800000| Untracked 
|  13|0x00000006c1a00000, 0x00000006c1a00000, 0x00000006c1c00000|  0%| F|  |TAMS 0x00000006c1a00000, 0x00000006c1a00000| Untracked 
|  14|0x00000006c1c00000, 0x00000006c1c00000, 0x00000006c1e00000|  0%| F|  |TAMS 0x00000006c1c00000, 0x00000006c1c00000| Untracked 
|  15|0x00000006c1e00000, 0x00000006c1e00000, 0x00000006c2000000|  0%| F|  |TAMS 0x00000006c1e00000, 0x00000006c1e00000| Untracked 
|  16|0x00000006c2000000, 0x00000006c2000000, 0x00000006c2200000|  0%| F|  |TAMS 0x00000006c2000000, 0x00000006c2000000| Untracked 
|  17|0x00000006c2200000, 0x00000006c2200000, 0x00000006c2400000|  0%| F|  |TAMS 0x00000006c2200000, 0x00000006c2200000| Untracked 
|  18|0x00000006c2400000, 0x00000006c2400000, 0x00000006c2600000|  0%| F|  |TAMS 0x00000006c2400000, 0x00000006c2400000| Untracked 
|  19|0x00000006c2600000, 0x00000006c2600000, 0x00000006c2800000|  0%| F|  |TAMS 0x00000006c2600000, 0x00000006c2600000| Untracked 
|  20|0x00000006c2800000, 0x00000006c2800000, 0x00000006c2a00000|  0%| F|  |TAMS 0x00000006c2800000, 0x00000006c2800000| Untracked 
|  21|0x00000006c2a00000, 0x00000006c2a00000, 0x00000006c2c00000|  0%| F|  |TAMS 0x00000006c2a00000, 0x00000006c2a00000| Untracked 
|  22|0x00000006c2c00000, 0x00000006c2c00000, 0x00000006c2e00000|  0%| F|  |TAMS 0x00000006c2c00000, 0x00000006c2c00000| Untracked 
|  23|0x00000006c2e00000, 0x00000006c2e00000, 0x00000006c3000000|  0%| F|  |TAMS 0x00000006c2e00000, 0x00000006c2e00000| Untracked 
|  24|0x00000006c3000000, 0x00000006c3000000, 0x00000006c3200000|  0%| F|  |TAMS 0x00000006c3000000, 0x00000006c3000000| Untracked 
|  25|0x00000006c3200000, 0x00000006c3200000, 0x00000006c3400000|  0%| F|  |TAMS 0x00000006c3200000, 0x00000006c3200000| Untracked 
|  26|0x00000006c3400000, 0x00000006c3400000, 0x00000006c3600000|  0%| F|  |TAMS 0x00000006c3400000, 0x00000006c3400000| Untracked 
|  27|0x00000006c3600000, 0x00000006c3600000, 0x00000006c3800000|  0%| F|  |TAMS 0x00000006c3600000, 0x00000006c3600000| Untracked 
|  28|0x00000006c3800000, 0x00000006c3800000, 0x00000006c3a00000|  0%| F|  |TAMS 0x00000006c3800000, 0x00000006c3800000| Untracked 
|  29|0x00000006c3a00000, 0x00000006c3a00000, 0x00000006c3c00000|  0%| F|  |TAMS 0x00000006c3a00000, 0x00000006c3a00000| Untracked 
|  30|0x00000006c3c00000, 0x00000006c3c00000, 0x00000006c3e00000|  0%| F|  |TAMS 0x00000006c3c00000, 0x00000006c3c00000| Untracked 
|  31|0x00000006c3e00000, 0x00000006c3e00000, 0x00000006c4000000|  0%| F|  |TAMS 0x00000006c3e00000, 0x00000006c3e00000| Untracked 
|  32|0x00000006c4000000, 0x00000006c4000000, 0x00000006c4200000|  0%| F|  |TAMS 0x00000006c4000000, 0x00000006c4000000| Untracked 
|  33|0x00000006c4200000, 0x00000006c4200000, 0x00000006c4400000|  0%| F|  |TAMS 0x00000006c4200000, 0x00000006c4200000| Untracked 
|  34|0x00000006c4400000, 0x00000006c4400000, 0x00000006c4600000|  0%| F|  |TAMS 0x00000006c4400000, 0x00000006c4400000| Untracked 
|  35|0x00000006c4600000, 0x00000006c4600000, 0x00000006c4800000|  0%| F|  |TAMS 0x00000006c4600000, 0x00000006c4600000| Untracked 
|  36|0x00000006c4800000, 0x00000006c4800000, 0x00000006c4a00000|  0%| F|  |TAMS 0x00000006c4800000, 0x00000006c4800000| Untracked 
|  37|0x00000006c4a00000, 0x00000006c4a00000, 0x00000006c4c00000|  0%| F|  |TAMS 0x00000006c4a00000, 0x00000006c4a00000| Untracked 
|  38|0x00000006c4c00000, 0x00000006c4c00000, 0x00000006c4e00000|  0%| F|  |TAMS 0x00000006c4c00000, 0x00000006c4c00000| Untracked 
|  39|0x00000006c4e00000, 0x00000006c4e00000, 0x00000006c5000000|  0%| F|  |TAMS 0x00000006c4e00000, 0x00000006c4e00000| Untracked 
|  40|0x00000006c5000000, 0x00000006c5000000, 0x00000006c5200000|  0%| F|  |TAMS 0x00000006c5000000, 0x00000006c5000000| Untracked 
|  41|0x00000006c5200000, 0x00000006c5200000, 0x00000006c5400000|  0%| F|  |TAMS 0x00000006c5200000, 0x00000006c5200000| Untracked 
|  42|0x00000006c5400000, 0x00000006c5400000, 0x00000006c5600000|  0%| F|  |TAMS 0x00000006c5400000, 0x00000006c5400000| Untracked 
|  43|0x00000006c5600000, 0x00000006c5600000, 0x00000006c5800000|  0%| F|  |TAMS 0x00000006c5600000, 0x00000006c5600000| Untracked 
|  44|0x00000006c5800000, 0x00000006c5800000, 0x00000006c5a00000|  0%| F|  |TAMS 0x00000006c5800000, 0x00000006c5800000| Untracked 
|  45|0x00000006c5a00000, 0x00000006c5a00000, 0x00000006c5c00000|  0%| F|  |TAMS 0x00000006c5a00000, 0x00000006c5a00000| Untracked 
|  46|0x00000006c5c00000, 0x00000006c5c00000, 0x00000006c5e00000|  0%| F|  |TAMS 0x00000006c5c00000, 0x00000006c5c00000| Untracked 
|  47|0x00000006c5e00000, 0x00000006c5e00000, 0x00000006c6000000|  0%| F|  |TAMS 0x00000006c5e00000, 0x00000006c5e00000| Untracked 
|  48|0x00000006c6000000, 0x00000006c6000000, 0x00000006c6200000|  0%| F|  |TAMS 0x00000006c6000000, 0x00000006c6000000| Untracked 
|  49|0x00000006c6200000, 0x00000006c6200000, 0x00000006c6400000|  0%| F|  |TAMS 0x00000006c6200000, 0x00000006c6200000| Untracked 
|  50|0x00000006c6400000, 0x00000006c6400000, 0x00000006c6600000|  0%| F|  |TAMS 0x00000006c6400000, 0x00000006c6400000| Untracked 
|  51|0x00000006c6600000, 0x00000006c6600000, 0x00000006c6800000|  0%| F|  |TAMS 0x00000006c6600000, 0x00000006c6600000| Untracked 
|  52|0x00000006c6800000, 0x00000006c6800000, 0x00000006c6a00000|  0%| F|  |TAMS 0x00000006c6800000, 0x00000006c6800000| Untracked 
|  53|0x00000006c6a00000, 0x00000006c6a00000, 0x00000006c6c00000|  0%| F|  |TAMS 0x00000006c6a00000, 0x00000006c6a00000| Untracked 
|  54|0x00000006c6c00000, 0x00000006c6c00000, 0x00000006c6e00000|  0%| F|  |TAMS 0x00000006c6c00000, 0x00000006c6c00000| Untracked 
|  55|0x00000006c6e00000, 0x00000006c6e00000, 0x00000006c7000000|  0%| F|  |TAMS 0x00000006c6e00000, 0x00000006c6e00000| Untracked 
|  56|0x00000006c7000000, 0x00000006c7000000, 0x00000006c7200000|  0%| F|  |TAMS 0x00000006c7000000, 0x00000006c7000000| Untracked 
|  57|0x00000006c7200000, 0x00000006c7200000, 0x00000006c7400000|  0%| F|  |TAMS 0x00000006c7200000, 0x00000006c7200000| Untracked 
|  58|0x00000006c7400000, 0x00000006c7400000, 0x00000006c7600000|  0%| F|  |TAMS 0x00000006c7400000, 0x00000006c7400000| Untracked 
|  59|0x00000006c7600000, 0x00000006c7600000, 0x00000006c7800000|  0%| F|  |TAMS 0x00000006c7600000, 0x00000006c7600000| Untracked 
|  60|0x00000006c7800000, 0x00000006c7800000, 0x00000006c7a00000|  0%| F|  |TAMS 0x00000006c7800000, 0x00000006c7800000| Untracked 
|  61|0x00000006c7a00000, 0x00000006c7a00000, 0x00000006c7c00000|  0%| F|  |TAMS 0x00000006c7a00000, 0x00000006c7a00000| Untracked 
|  62|0x00000006c7c00000, 0x00000006c7c00000, 0x00000006c7e00000|  0%| F|  |TAMS 0x00000006c7c00000, 0x00000006c7c00000| Untracked 
|  63|0x00000006c7e00000, 0x00000006c7e00000, 0x00000006c8000000|  0%| F|  |TAMS 0x00000006c7e00000, 0x00000006c7e00000| Untracked 
|  64|0x00000006c8000000, 0x00000006c8000000, 0x00000006c8200000|  0%| F|  |TAMS 0x00000006c8000000, 0x00000006c8000000| Untracked 
|  65|0x00000006c8200000, 0x00000006c8200000, 0x00000006c8400000|  0%| F|  |TAMS 0x00000006c8200000, 0x00000006c8200000| Untracked 
|  66|0x00000006c8400000, 0x00000006c8400000, 0x00000006c8600000|  0%| F|  |TAMS 0x00000006c8400000, 0x00000006c8400000| Untracked 
|  67|0x00000006c8600000, 0x00000006c8600000, 0x00000006c8800000|  0%| F|  |TAMS 0x00000006c8600000, 0x00000006c8600000| Untracked 
|  68|0x00000006c8800000, 0x00000006c8800000, 0x00000006c8a00000|  0%| F|  |TAMS 0x00000006c8800000, 0x00000006c8800000| Untracked 
|  69|0x00000006c8a00000, 0x00000006c8a00000, 0x00000006c8c00000|  0%| F|  |TAMS 0x00000006c8a00000, 0x00000006c8a00000| Untracked 
|  70|0x00000006c8c00000, 0x00000006c8c00000, 0x00000006c8e00000|  0%| F|  |TAMS 0x00000006c8c00000, 0x00000006c8c00000| Untracked 
|  71|0x00000006c8e00000, 0x00000006c8e00000, 0x00000006c9000000|  0%| F|  |TAMS 0x00000006c8e00000, 0x00000006c8e00000| Untracked 
|  72|0x00000006c9000000, 0x00000006c9000000, 0x00000006c9200000|  0%| F|  |TAMS 0x00000006c9000000, 0x00000006c9000000| Untracked 
|  73|0x00000006c9200000, 0x00000006c9200000, 0x00000006c9400000|  0%| F|  |TAMS 0x00000006c9200000, 0x00000006c9200000| Untracked 
|  74|0x00000006c9400000, 0x00000006c9400000, 0x00000006c9600000|  0%| F|  |TAMS 0x00000006c9400000, 0x00000006c9400000| Untracked 
|  75|0x00000006c9600000, 0x00000006c9600000, 0x00000006c9800000|  0%| F|  |TAMS 0x00000006c9600000, 0x00000006c9600000| Untracked 
|  76|0x00000006c9800000, 0x00000006c9800000, 0x00000006c9a00000|  0%| F|  |TAMS 0x00000006c9800000, 0x00000006c9800000| Untracked 
|  77|0x00000006c9a00000, 0x00000006c9a00000, 0x00000006c9c00000|  0%| F|  |TAMS 0x00000006c9a00000, 0x00000006c9a00000| Untracked 
|  78|0x00000006c9c00000, 0x00000006c9c00000, 0x00000006c9e00000|  0%| F|  |TAMS 0x00000006c9c00000, 0x00000006c9c00000| Untracked 
|  79|0x00000006c9e00000, 0x00000006c9e00000, 0x00000006ca000000|  0%| F|  |TAMS 0x00000006c9e00000, 0x00000006c9e00000| Untracked 
|  80|0x00000006ca000000, 0x00000006ca000000, 0x00000006ca200000|  0%| F|  |TAMS 0x00000006ca000000, 0x00000006ca000000| Untracked 
|  81|0x00000006ca200000, 0x00000006ca200000, 0x00000006ca400000|  0%| F|  |TAMS 0x00000006ca200000, 0x00000006ca200000| Untracked 
|  82|0x00000006ca400000, 0x00000006ca400000, 0x00000006ca600000|  0%| F|  |TAMS 0x00000006ca400000, 0x00000006ca400000| Untracked 
|  83|0x00000006ca600000, 0x00000006ca600000, 0x00000006ca800000|  0%| F|  |TAMS 0x00000006ca600000, 0x00000006ca600000| Untracked 
|  84|0x00000006ca800000, 0x00000006ca800000, 0x00000006caa00000|  0%| F|  |TAMS 0x00000006ca800000, 0x00000006ca800000| Untracked 
|  85|0x00000006caa00000, 0x00000006caa00000, 0x00000006cac00000|  0%| F|  |TAMS 0x00000006caa00000, 0x00000006caa00000| Untracked 
|  86|0x00000006cac00000, 0x00000006cac00000, 0x00000006cae00000|  0%| F|  |TAMS 0x00000006cac00000, 0x00000006cac00000| Untracked 
|  87|0x00000006cae00000, 0x00000006cae00000, 0x00000006cb000000|  0%| F|  |TAMS 0x00000006cae00000, 0x00000006cae00000| Untracked 
|  88|0x00000006cb000000, 0x00000006cb000000, 0x00000006cb200000|  0%| F|  |TAMS 0x00000006cb000000, 0x00000006cb000000| Untracked 
|  89|0x00000006cb200000, 0x00000006cb200000, 0x00000006cb400000|  0%| F|  |TAMS 0x00000006cb200000, 0x00000006cb200000| Untracked 
|  90|0x00000006cb400000, 0x00000006cb400000, 0x00000006cb600000|  0%| F|  |TAMS 0x00000006cb400000, 0x00000006cb400000| Untracked 
|  91|0x00000006cb600000, 0x00000006cb600000, 0x00000006cb800000|  0%| F|  |TAMS 0x00000006cb600000, 0x00000006cb600000| Untracked 
|  92|0x00000006cb800000, 0x00000006cb800000, 0x00000006cba00000|  0%| F|  |TAMS 0x00000006cb800000, 0x00000006cb800000| Untracked 
|  93|0x00000006cba00000, 0x00000006cba00000, 0x00000006cbc00000|  0%| F|  |TAMS 0x00000006cba00000, 0x00000006cba00000| Untracked 
|  94|0x00000006cbc00000, 0x00000006cbc00000, 0x00000006cbe00000|  0%| F|  |TAMS 0x00000006cbc00000, 0x00000006cbc00000| Untracked 
|  95|0x00000006cbe00000, 0x00000006cbe00000, 0x00000006cc000000|  0%| F|  |TAMS 0x00000006cbe00000, 0x00000006cbe00000| Untracked 
|  96|0x00000006cc000000, 0x00000006cc000000, 0x00000006cc200000|  0%| F|  |TAMS 0x00000006cc000000, 0x00000006cc000000| Untracked 
|  97|0x00000006cc200000, 0x00000006cc200000, 0x00000006cc400000|  0%| F|  |TAMS 0x00000006cc200000, 0x00000006cc200000| Untracked 
|  98|0x00000006cc400000, 0x00000006cc400000, 0x00000006cc600000|  0%| F|  |TAMS 0x00000006cc400000, 0x00000006cc400000| Untracked 
|  99|0x00000006cc600000, 0x00000006cc600000, 0x00000006cc800000|  0%| F|  |TAMS 0x00000006cc600000, 0x00000006cc600000| Untracked 
| 100|0x00000006cc800000, 0x00000006cc800000, 0x00000006cca00000|  0%| F|  |TAMS 0x00000006cc800000, 0x00000006cc800000| Untracked 
| 101|0x00000006cca00000, 0x00000006cca00000, 0x00000006ccc00000|  0%| F|  |TAMS 0x00000006cca00000, 0x00000006cca00000| Untracked 
| 102|0x00000006ccc00000, 0x00000006ccc00000, 0x00000006cce00000|  0%| F|  |TAMS 0x00000006ccc00000, 0x00000006ccc00000| Untracked 
| 103|0x00000006cce00000, 0x00000006cce00000, 0x00000006cd000000|  0%| F|  |TAMS 0x00000006cce00000, 0x00000006cce00000| Untracked 
| 104|0x00000006cd000000, 0x00000006cd000000, 0x00000006cd200000|  0%| F|  |TAMS 0x00000006cd000000, 0x00000006cd000000| Untracked 
| 105|0x00000006cd200000, 0x00000006cd200000, 0x00000006cd400000|  0%| F|  |TAMS 0x00000006cd200000, 0x00000006cd200000| Untracked 
| 106|0x00000006cd400000, 0x00000006cd400000, 0x00000006cd600000|  0%| F|  |TAMS 0x00000006cd400000, 0x00000006cd400000| Untracked 
| 107|0x00000006cd600000, 0x00000006cd600000, 0x00000006cd800000|  0%| F|  |TAMS 0x00000006cd600000, 0x00000006cd600000| Untracked 
| 108|0x00000006cd800000, 0x00000006cd800000, 0x00000006cda00000|  0%| F|  |TAMS 0x00000006cd800000, 0x00000006cd800000| Untracked 
| 109|0x00000006cda00000, 0x00000006cda00000, 0x00000006cdc00000|  0%| F|  |TAMS 0x00000006cda00000, 0x00000006cda00000| Untracked 
| 110|0x00000006cdc00000, 0x00000006cdc00000, 0x00000006cde00000|  0%| F|  |TAMS 0x00000006cdc00000, 0x00000006cdc00000| Untracked 
| 111|0x00000006cde00000, 0x00000006cde00000, 0x00000006ce000000|  0%| F|  |TAMS 0x00000006cde00000, 0x00000006cde00000| Untracked 
| 112|0x00000006ce000000, 0x00000006ce000000, 0x00000006ce200000|  0%| F|  |TAMS 0x00000006ce000000, 0x00000006ce000000| Untracked 
| 113|0x00000006ce200000, 0x00000006ce200000, 0x00000006ce400000|  0%| F|  |TAMS 0x00000006ce200000, 0x00000006ce200000| Untracked 
| 114|0x00000006ce400000, 0x00000006ce400000, 0x00000006ce600000|  0%| F|  |TAMS 0x00000006ce400000, 0x00000006ce400000| Untracked 
| 115|0x00000006ce600000, 0x00000006ce6b0aa0, 0x00000006ce800000| 34%| S|CS|TAMS 0x00000006ce600000, 0x00000006ce600000| Complete 
| 116|0x00000006ce800000, 0x00000006cea00000, 0x00000006cea00000|100%| S|CS|TAMS 0x00000006ce800000, 0x00000006ce800000| Complete 
| 117|0x00000006cea00000, 0x00000006cea00000, 0x00000006cec00000|  0%| F|  |TAMS 0x00000006cea00000, 0x00000006cea00000| Untracked 
| 118|0x00000006cec00000, 0x00000006cec00000, 0x00000006cee00000|  0%| F|  |TAMS 0x00000006cec00000, 0x00000006cec00000| Untracked 
| 119|0x00000006cee00000, 0x00000006cee00000, 0x00000006cf000000|  0%| F|  |TAMS 0x00000006cee00000, 0x00000006cee00000| Untracked 
| 120|0x00000006cf000000, 0x00000006cf0d2b18, 0x00000006cf200000| 41%| E|  |TAMS 0x00000006cf000000, 0x00000006cf000000| Complete 
| 121|0x00000006cf200000, 0x00000006cf400000, 0x00000006cf400000|100%| E|CS|TAMS 0x00000006cf200000, 0x00000006cf200000| Complete 
| 122|0x00000006cf400000, 0x00000006cf600000, 0x00000006cf600000|100%| E|CS|TAMS 0x00000006cf400000, 0x00000006cf400000| Complete 
| 123|0x00000006cf600000, 0x00000006cf800000, 0x00000006cf800000|100%| E|CS|TAMS 0x00000006cf600000, 0x00000006cf600000| Complete 
| 124|0x00000006cf800000, 0x00000006cfa00000, 0x00000006cfa00000|100%| E|CS|TAMS 0x00000006cf800000, 0x00000006cf800000| Complete 
| 125|0x00000006cfa00000, 0x00000006cfc00000, 0x00000006cfc00000|100%| E|CS|TAMS 0x00000006cfa00000, 0x00000006cfa00000| Complete 
| 126|0x00000006cfc00000, 0x00000006cfe00000, 0x00000006cfe00000|100%| E|CS|TAMS 0x00000006cfc00000, 0x00000006cfc00000| Complete 
| 127|0x00000006cfe00000, 0x00000006d0000000, 0x00000006d0000000|100%| E|CS|TAMS 0x00000006cfe00000, 0x00000006cfe00000| Complete 

Card table byte_map: [0x000000011d668000,0x000000011de68000] _byte_map_base: 0x000000011a068000

Marking Bits (Prev, Next): (CMBitMap*) 0x0000000142825c10, (CMBitMap*) 0x0000000142825c50
 Prev Bits: [0x000000011e668000, 0x0000000122668000)
 Next Bits: [0x0000000122668000, 0x0000000126668000)

Polling page: 0x0000000104954000

Metaspace:

Usage:
  Non-class:     14.18 MB used.
      Class:      1.90 MB used.
       Both:     16.08 MB used.

Virtual space:
  Non-class space:       16.00 MB reserved,      14.31 MB ( 89%) committed,  2 nodes.
      Class space:        1.00 GB reserved,       2.00 MB ( <1%) committed,  1 nodes.
             Both:        1.02 GB reserved,      16.31 MB (  2%) committed. 

Chunk freelists:
   Non-Class:  1.23 MB
       Class:  2.05 MB
        Both:  3.28 MB

MaxMetaspaceSize: unlimited
CompressedClassSpaceSize: 1.00 GB
Initial GC threshold: 21.00 MB
Current GC threshold: 21.00 MB
CDS: off
MetaspaceReclaimPolicy: balanced
 - commit_granule_bytes: 65536.
 - commit_granule_words: 8192.
 - virtual_space_node_default_size: 1048576.
 - enlarge_chunks_in_place: 1.
 - new_chunks_are_fully_committed: 0.
 - uncommit_free_chunks: 1.
 - use_allocation_guard: 0.
 - handle_deallocations: 1.


Internal statistics:

num_allocs_failed_limit: 0.
num_arena_births: 114.
num_arena_deaths: 0.
num_vsnodes_births: 3.
num_vsnodes_deaths: 0.
num_space_committed: 261.
num_space_uncommitted: 0.
num_chunks_returned_to_freelist: 0.
num_chunks_taken_from_freelist: 410.
num_chunk_merges: 0.
num_chunk_splits: 281.
num_chunks_enlarged: 222.
num_purges: 0.
num_inconsistent_stats: 0.

CodeHeap 'non-profiled nmethods': size=120032Kb used=413Kb max_used=413Kb free=119618Kb
 bounds [0x0000000116130000, 0x00000001163a0000, 0x000000011d668000]
CodeHeap 'profiled nmethods': size=120016Kb used=2134Kb max_used=2134Kb free=117881Kb
 bounds [0x000000010ebfc000, 0x000000010ee6c000, 0x0000000116130000]
CodeHeap 'non-nmethods': size=5712Kb used=1327Kb max_used=1359Kb free=4384Kb
 bounds [0x000000010e668000, 0x000000010e8d8000, 0x000000010ebfc000]
 total_blobs=1938 nmethods=1253 adapters=602
 compilation: enabled
              stopped_count=0, restarted_count=0
 full_count=0

Compilation events (20 events):
Event: 2.062 Thread 0x00000001428d9a00 nmethod 1300 0x000000010ee0e610 code [0x000000010ee0e7c0, 0x000000010ee0e928]
Event: 2.064 Thread 0x00000001428d9a00 1301       3       java.lang.invoke.BootstrapMethodInvoker::isLambdaMetafactoryIndyBSM (13 bytes)
Event: 2.064 Thread 0x00000001428d9a00 nmethod 1301 0x000000010ee0e990 code [0x000000010ee0eb40, 0x000000010ee0eca8]
Event: 2.064 Thread 0x00000001428d9a00 1302       3       java.lang.invoke.Invokers$Holder::invokeExact_MT (32 bytes)
Event: 2.064 Thread 0x00000001428d9a00 nmethod 1302 0x000000010ee0ed90 code [0x000000010ee0efc0, 0x000000010ee0f988]
Event: 2.064 Thread 0x00000001428d9a00 1303       3       java.security.AccessController::doPrivileged (9 bytes)
Event: 2.065 Thread 0x00000001428d9a00 nmethod 1303 0x000000010ee0fc10 code [0x000000010ee0fe00, 0x000000010ee101c8]
Event: 2.070 Thread 0x00000001428d9400 nmethod 1289 0x0000000116194d10 code [0x0000000116194f00, 0x0000000116195530]
Event: 2.071 Thread 0x00000001428d9400 1304   !   4       java.util.zip.InflaterInputStream::read (138 bytes)
Event: 2.071 Thread 0x00000001428d9a00 1305       1       java.lang.Enum::toString (5 bytes)
Event: 2.071 Thread 0x00000001428d9a00 nmethod 1305 0x0000000116195890 code [0x0000000116195a00, 0x0000000116195ae8]
Event: 2.075 Thread 0x00000001428d9400 nmethod 1304 0x0000000116195b90 code [0x0000000116195e80, 0x0000000116196d30]
Event: 2.107 Thread 0x00000001428d9a00 1306       1       com.sun.javafx.tk.quantum.QuantumToolkit$PulseTask::get (5 bytes)
Event: 2.107 Thread 0x00000001428d9a00 nmethod 1306 0x0000000116197310 code [0x0000000116197480, 0x0000000116197568]
Event: 2.258 Thread 0x00000001428d9a00 1307       3       java.util.WeakHashMap$HashIterator::hasNext (95 bytes)
Event: 2.258 Thread 0x00000001428d9a00 nmethod 1307 0x000000010ee10390 code [0x000000010ee10580, 0x000000010ee10b68]
Event: 2.341 Thread 0x00000001428d9a00 1308       3       java.util.WeakHashMap::size (18 bytes)
Event: 2.341 Thread 0x00000001428d9a00 nmethod 1308 0x000000010ee10d10 code [0x000000010ee10ec0, 0x000000010ee110d8]
Event: 2.408 Thread 0x00000001428d9a00 1309       3       javafx.scene.Scene::getRoot (22 bytes)
Event: 2.409 Thread 0x00000001428d9a00 nmethod 1309 0x000000010ee11190 code [0x000000010ee11380, 0x000000010ee11898]

GC Heap History (2 events):
Event: 1.351 GC heap before
{Heap before GC invocations=0 (full 0):
 garbage-first heap   total 262144K, used 22528K [0x00000006c0000000, 0x00000007c0000000)
  region size 2048K, 11 young (22528K), 0 survivors (0K)
 Metaspace       used 12452K, committed 12608K, reserved 1064960K
  class space    used 1362K, committed 1408K, reserved 1048576K
}
Event: 1.355 GC heap after
{Heap after GC invocations=1 (full 0):
 garbage-first heap   total 262144K, used 2754K [0x00000006c0000000, 0x00000007c0000000)
  region size 2048K, 2 young (4096K), 2 survivors (4096K)
 Metaspace       used 12452K, committed 12608K, reserved 1064960K
  class space    used 1362K, committed 1408K, reserved 1048576K
}

Deoptimization events (20 events):
Event: 1.399 Thread 0x00000001411b8c00 DEOPT PACKING pc=0x000000010eda7bd8 sp=0x000000016b62a570
Event: 1.399 Thread 0x00000001411b8c00 DEOPT UNPACKING pc=0x000000010e6a6b7c sp=0x000000016b62a200 mode 0
Event: 1.401 Thread 0x00000001411b8c00 DEOPT PACKING pc=0x000000010eda7bd8 sp=0x000000016b62a570
Event: 1.401 Thread 0x00000001411b8c00 DEOPT UNPACKING pc=0x000000010e6a6b7c sp=0x000000016b62a200 mode 0
Event: 1.402 Thread 0x00000001411b8c00 DEOPT PACKING pc=0x000000010eda7bd8 sp=0x000000016b62a570
Event: 1.402 Thread 0x00000001411b8c00 DEOPT UNPACKING pc=0x000000010e6a6b7c sp=0x000000016b62a200 mode 0
Event: 1.403 Thread 0x00000001411b8c00 DEOPT PACKING pc=0x000000010eda7bd8 sp=0x000000016b62a570
Event: 1.403 Thread 0x00000001411b8c00 DEOPT UNPACKING pc=0x000000010e6a6b7c sp=0x000000016b62a200 mode 0
Event: 1.404 Thread 0x00000001411b8c00 DEOPT PACKING pc=0x000000010eda7bd8 sp=0x000000016b62a570
Event: 1.404 Thread 0x00000001411b8c00 DEOPT UNPACKING pc=0x000000010e6a6b7c sp=0x000000016b62a200 mode 0
Event: 1.405 Thread 0x00000001411b8c00 DEOPT PACKING pc=0x000000010eda7bd8 sp=0x000000016b62a6b0
Event: 1.405 Thread 0x00000001411b8c00 DEOPT UNPACKING pc=0x000000010e6a6b7c sp=0x000000016b62a340 mode 0
Event: 1.533 Thread 0x00000001411b8c00 Uncommon trap: trap_request=0xffffff45 fr.pc=0x00000001161652c4 relative=0x0000000000000044
Event: 1.533 Thread 0x00000001411b8c00 Uncommon trap: reason=unstable_if action=reinterpret pc=0x00000001161652c4 method=java.lang.StringLatin1.canEncode(I)Z @ 4 c2
Event: 1.533 Thread 0x00000001411b8c00 DEOPT PACKING pc=0x00000001161652c4 sp=0x000000016b629b20
Event: 1.533 Thread 0x00000001411b8c00 DEOPT UNPACKING pc=0x000000010e6a6d1c sp=0x000000016b629ab0 mode 2
Event: 1.540 Thread 0x00000001411b8c00 DEOPT PACKING pc=0x000000010ed68568 sp=0x000000016b6290c0
Event: 1.540 Thread 0x00000001411b8c00 DEOPT UNPACKING pc=0x000000010e6a6b7c sp=0x000000016b628d50 mode 3
Event: 1.541 Thread 0x00000001411b8c00 DEOPT PACKING pc=0x000000010ed69050 sp=0x000000016b629390
Event: 1.541 Thread 0x00000001411b8c00 DEOPT UNPACKING pc=0x000000010e6a6b7c sp=0x000000016b629050 mode 3

Classes unloaded (0 events):
No events

Classes redefined (0 events):
No events

Internal exceptions (20 events):
Event: 1.403 Thread 0x00000001411b8c00 Exception <a 'java/io/FileNotFoundException'{0x00000006cfd5b538}> (0x00000006cfd5b538) 
thrown [src/hotspot/share/prims/jni.cpp, line 516]
Event: 1.403 Thread 0x00000001411b8c00 Exception <a 'java/io/FileNotFoundException'{0x00000006cfd68db8}> (0x00000006cfd68db8) 
thrown [src/hotspot/share/prims/jni.cpp, line 516]
Event: 1.403 Thread 0x00000001411b8c00 Exception <a 'java/io/FileNotFoundException'{0x00000006cfd766b8}> (0x00000006cfd766b8) 
thrown [src/hotspot/share/prims/jni.cpp, line 516]
Event: 1.404 Thread 0x00000001411b8c00 Exception <a 'java/io/FileNotFoundException'{0x00000006cfd84348}> (0x00000006cfd84348) 
thrown [src/hotspot/share/prims/jni.cpp, line 516]
Event: 1.404 Thread 0x00000001411b8c00 Exception <a 'sun/nio/fs/UnixException'{0x00000006cfd91888}> (0x00000006cfd91888) 
thrown [src/hotspot/share/prims/jni.cpp, line 516]
Event: 1.405 Thread 0x00000001411b8c00 Exception <a 'java/io/FileNotFoundException'{0x00000006cfd94528}> (0x00000006cfd94528) 
thrown [src/hotspot/share/prims/jni.cpp, line 516]
Event: 1.405 Thread 0x00000001411b8c00 Exception <a 'sun/nio/fs/UnixException'{0x00000006cfda31a8}> (0x00000006cfda31a8) 
thrown [src/hotspot/share/prims/jni.cpp, line 516]
Event: 1.405 Thread 0x00000001411b8c00 Exception <a 'sun/nio/fs/UnixException'{0x00000006cfda4800}> (0x00000006cfda4800) 
thrown [src/hotspot/share/prims/jni.cpp, line 516]
Event: 1.406 Thread 0x00000001411b8c00 Exception <a 'sun/nio/fs/UnixException'{0x00000006cfda5e18}> (0x00000006cfda5e18) 
thrown [src/hotspot/share/prims/jni.cpp, line 516]
Event: 1.407 Thread 0x00000001411b8c00 Exception <a 'sun/nio/fs/UnixException'{0x00000006cfdae198}> (0x00000006cfdae198) 
thrown [src/hotspot/share/prims/jni.cpp, line 516]
Event: 1.407 Thread 0x00000001411b8c00 Exception <a 'sun/nio/fs/UnixException'{0x00000006cfdafca8}> (0x00000006cfdafca8) 
thrown [src/hotspot/share/prims/jni.cpp, line 516]
Event: 1.408 Thread 0x00000001411b8c00 Exception <a 'sun/nio/fs/UnixException'{0x00000006cfdb1dd0}> (0x00000006cfdb1dd0) 
thrown [src/hotspot/share/prims/jni.cpp, line 516]
Event: 1.409 Thread 0x00000001411b8c00 Exception <a 'sun/nio/fs/UnixException'{0x00000006cfdbb7f0}> (0x00000006cfdbb7f0) 
thrown [src/hotspot/share/prims/jni.cpp, line 516]
Event: 1.427 Thread 0x00000001411b8c00 Exception <a 'sun/nio/fs/UnixException'{0x00000006cfb74c08}> (0x00000006cfb74c08) 
thrown [src/hotspot/share/prims/jni.cpp, line 516]
Event: 1.427 Thread 0x00000001411b8c00 Exception <a 'sun/nio/fs/UnixException'{0x00000006cfb75670}> (0x00000006cfb75670) 
thrown [src/hotspot/share/prims/jni.cpp, line 516]
Event: 1.795 Thread 0x00000001411b8c00 Exception <a 'java/lang/NoSuchMethodError'{0x00000006cf597e88}: 'long java.lang.invoke.DirectMethodHandle$Holder.invokeStatic(java.lang.Object, java.lang.Object, java.lang.Object)'> (0x00000006cf597e88) 
thrown [src/hotspot/share/interpreter/linkResolver.cpp, line 766]
Event: 1.795 Thread 0x00000001411b8c00 Exception <a 'java/lang/NoSuchMethodError'{0x00000006cf59b630}: 'long java.lang.invoke.DirectMethodHandle$Holder.invokeStaticInit(java.lang.Object, java.lang.Object, java.lang.Object)'> (0x00000006cf59b630) 
thrown [src/hotspot/share/interpreter/linkResolver.cpp, line 766]
Event: 1.796 Thread 0x00000001411b8c00 Exception <a 'java/lang/NoSuchMethodError'{0x00000006cf5b35b0}: 'java.lang.Object java.lang.invoke.DirectMethodHandle$Holder.newInvokeSpecial(java.lang.Object, java.lang.Object, long)'> (0x00000006cf5b35b0) 
thrown [src/hotspot/share/interpreter/linkResolver.cpp, line 766]
Event: 1.796 Thread 0x00000001411b8c00 Exception <a 'java/lang/NoSuchMethodError'{0x00000006cf5b6e78}: 'java.lang.Object java.lang.invoke.Invokers$Holder.linkToTargetMethod(java.lang.Object, long, java.lang.Object)'> (0x00000006cf5b6e78) 
thrown [src/hotspot/share/interpreter/linkResolver.cpp, line 766]
Event: 1.806 Thread 0x0000000141059e00 Exception <a 'java/lang/NoSuchMethodError'{0x00000006cf2e0480}: 'int java.lang.invoke.DirectMethodHandle$Holder.invokeStaticInit(java.lang.Object, java.lang.Object)'> (0x00000006cf2e0480) 
thrown [src/hotspot/share/interpreter/linkResolver.cpp, line 766]

VM Operations (12 events):
Event: 0.110 Executing VM operation: ICBufferFull
Event: 0.110 Executing VM operation: ICBufferFull done
Event: 0.118 Executing VM operation: HandshakeAllThreads
Event: 0.118 Executing VM operation: HandshakeAllThreads done
Event: 1.120 Executing VM operation: Cleanup
Event: 1.124 Executing VM operation: Cleanup done
Event: 1.351 Executing VM operation: G1CollectForAllocation
Event: 1.355 Executing VM operation: G1CollectForAllocation done
Event: 1.415 Executing VM operation: HandshakeAllThreads
Event: 1.415 Executing VM operation: HandshakeAllThreads done
Event: 2.420 Executing VM operation: Cleanup
Event: 2.439 Executing VM operation: Cleanup done

Events (20 events):
Event: 1.800 loading class java/util/Arrays$LegacyMergeSort
Event: 1.800 loading class java/util/Arrays$LegacyMergeSort done
Event: 1.800 loading class java/util/TimSort
Event: 1.800 loading class java/util/TimSort done
Event: 1.811 loading class java/io/BufferedReader
Event: 1.813 loading class java/io/BufferedReader done
Event: 1.864 loading class java/nio/DirectShortBufferU
Event: 1.865 loading class java/nio/ShortBuffer
Event: 1.866 loading class java/nio/ShortBuffer done
Event: 1.866 loading class java/nio/DirectShortBufferU done
Event: 1.871 loading class java/nio/DoubleBuffer
Event: 1.871 loading class java/nio/DoubleBuffer done
Event: 1.871 loading class java/nio/DirectFloatBufferU
Event: 1.872 loading class java/nio/DirectFloatBufferU done
Event: 1.986 loading class java/util/EnumMap$Values
Event: 1.986 loading class java/util/EnumMap$Values done
Event: 1.986 loading class java/util/EnumMap$ValueIterator
Event: 1.987 loading class java/util/EnumMap$EnumMapIterator
Event: 1.987 loading class java/util/EnumMap$EnumMapIterator done
Event: 1.987 loading class java/util/EnumMap$ValueIterator done


Dynamic libraries:
0x0000000104904000 	/Library/Java/JavaVirtualMachines/zulu-17.jdk/Contents/Home/lib/libjli.dylib
0x00000001b7b87000 	/usr/lib/libz.1.dylib
0x00000001b7c37000 	/usr/lib/libSystem.B.dylib
0x00000001b7c31000 	/usr/lib/system/libcache.dylib
0x00000001b7bef000 	/usr/lib/system/libcommonCrypto.dylib
0x00000001b7c18000 	/usr/lib/system/libcompiler_rt.dylib
0x00000001b7c0f000 	/usr/lib/system/libcopyfile.dylib
0x00000001acf7a000 	/usr/lib/system/libcorecrypto.dylib
0x00000001ad01f000 	/usr/lib/system/libdispatch.dylib
0x00000001ad1e7000 	/usr/lib/system/libdyld.dylib
0x00000001b7c27000 	/usr/lib/system/libkeymgr.dylib
0x00000001b7bd1000 	/usr/lib/system/libmacho.dylib
0x00000001b72d5000 	/usr/lib/system/libquarantine.dylib
0x00000001b7c24000 	/usr/lib/system/libremovefile.dylib
0x00000001b2376000 	/usr/lib/system/libsystem_asl.dylib
0x00000001acf24000 	/usr/lib/system/libsystem_blocks.dylib
0x00000001ad0a5000 	/usr/lib/system/libsystem_c.dylib
0x00000001b7c1c000 	/usr/lib/system/libsystem_collections.dylib
0x00000001b6794000 	/usr/lib/system/libsystem_configuration.dylib
0x00000001b5a18000 	/usr/lib/system/libsystem_containermanager.dylib
0x00000001b7938000 	/usr/lib/system/libsystem_coreservices.dylib
0x00000001af90b000 	/usr/lib/system/libsystem_darwin.dylib
0x00000001b7c28000 	/usr/lib/system/libsystem_dnssd.dylib
0x00000001ad0a2000 	/usr/lib/system/libsystem_featureflags.dylib
0x00000001ad1fc000 	/usr/lib/system/libsystem_info.dylib
0x00000001b7b99000 	/usr/lib/system/libsystem_m.dylib
0x00000001acff4000 	/usr/lib/system/libsystem_malloc.dylib
0x00000001b2307000 	/usr/lib/system/libsystem_networkextension.dylib
0x00000001afd5f000 	/usr/lib/system/libsystem_notify.dylib
0x00000001bde3d000 	/usr/lib/system/libsystem_product_info_filter.dylib
0x00000001b6799000 	/usr/lib/system/libsystem_sandbox.dylib
0x00000001b7c21000 	/usr/lib/system/libsystem_secinit.dylib
0x00000001ad1a4000 	/usr/lib/system/libsystem_kernel.dylib
0x00000001ad1f4000 	/usr/lib/system/libsystem_platform.dylib
0x00000001ad1da000 	/usr/lib/system/libsystem_pthread.dylib
0x00000001b3ab0000 	/usr/lib/system/libsystem_symptoms.dylib
0x00000001acf60000 	/usr/lib/system/libsystem_trace.dylib
0x00000001b7bfc000 	/usr/lib/system/libunwind.dylib
0x00000001acf26000 	/usr/lib/system/libxpc.dylib
0x00000001ad18a000 	/usr/lib/libc++abi.dylib
0x00000001ad066000 	/usr/lib/libobjc.A.dylib
0x00000001b7c07000 	/usr/lib/liboah.dylib
0x00000001ad126000 	/usr/lib/libc++.1.dylib
0x00000001c3838000 	/System/Library/Frameworks/Cocoa.framework/Versions/A/Cocoa
0x00000001afdbf000 	/System/Library/Frameworks/AppKit.framework/Versions/C/AppKit
0x00000001b32ef000 	/System/Library/Frameworks/CoreData.framework/Versions/A/CoreData
0x00000001ae11c000 	/System/Library/Frameworks/Foundation.framework/Versions/C/Foundation
0x00000001b0c73000 	/System/Library/PrivateFrameworks/UIFoundation.framework/Versions/A/UIFoundation
0x00000001bdb37000 	/System/Library/PrivateFrameworks/RemoteViewServices.framework/Versions/A/RemoteViewServices
0x00000001b6152000 	/System/Library/PrivateFrameworks/XCTTargetBootstrap.framework/Versions/A/XCTTargetBootstrap
0x00000001b9938000 	/System/Library/PrivateFrameworks/InternationalSupport.framework/Versions/A/InternationalSupport
0x00000001b99c1000 	/System/Library/PrivateFrameworks/UserActivity.framework/Versions/A/UserActivity
0x00000001b8e66000 	/usr/lib/libspindump.dylib
0x00000001b0ee3000 	/System/Library/Frameworks/UniformTypeIdentifiers.framework/Versions/A/UniformTypeIdentifiers
0x00000001b46df000 	/usr/lib/libapp_launch_measurement.dylib
0x00000001b3c57000 	/System/Library/PrivateFrameworks/CoreAnalytics.framework/Versions/A/CoreAnalytics
0x00000001b46e2000 	/System/Library/PrivateFrameworks/CoreAutoLayout.framework/Versions/A/CoreAutoLayout
0x00000001b5a55000 	/System/Library/Frameworks/Metal.framework/Versions/A/Metal
0x00000001b67a4000 	/usr/lib/liblangid.dylib
0x00000001b6156000 	/System/Library/PrivateFrameworks/CoreSVG.framework/Versions/A/CoreSVG
0x00000001b23aa000 	/System/Library/PrivateFrameworks/SkyLight.framework/Versions/A/SkyLight
0x00000001b2774000 	/System/Library/Frameworks/CoreGraphics.framework/Versions/A/CoreGraphics
0x00000001be1b4000 	/System/Library/Frameworks/Accelerate.framework/Versions/A/Accelerate
0x00000001b88da000 	/System/Library/PrivateFrameworks/IconServices.framework/Versions/A/IconServices
0x00000001b5a37000 	/System/Library/Frameworks/IOSurface.framework/Versions/A/IOSurface
0x00000001b3c87000 	/usr/lib/libDiagnosticMessagesClient.dylib
0x00000001c15fb000 	/System/Library/Frameworks/ApplicationServices.framework/Versions/A/ApplicationServices
0x00000001b613a000 	/System/Library/PrivateFrameworks/DFRFoundation.framework/Versions/A/DFRFoundation
0x00000001af660000 	/usr/lib/libicucore.A.dylib
0x00000001ba739000 	/System/Library/Frameworks/AudioToolbox.framework/Versions/A/AudioToolbox
0x00000001b9944000 	/System/Library/PrivateFrameworks/DataDetectorsCore.framework/Versions/A/DataDetectorsCore
0x00000001cfa76000 	/System/Library/PrivateFrameworks/TextInput.framework/Versions/A/TextInput
0x00000001b2321000 	/usr/lib/libMobileGestalt.dylib
0x00000001b5e0a000 	/System/Library/Frameworks/Carbon.framework/Versions/A/Frameworks/HIToolbox.framework/Versions/A/HIToolbox
0x00000001b40e8000 	/System/Library/Frameworks/QuartzCore.framework/Versions/A/QuartzCore
0x00000001af2dd000 	/System/Library/Frameworks/Security.framework/Versions/A/Security
0x00000001bdb77000 	/System/Library/Frameworks/Carbon.framework/Versions/A/Frameworks/SpeechRecognition.framework/Versions/A/SpeechRecognition
0x00000001b4436000 	/System/Library/PrivateFrameworks/CoreUI.framework/Versions/A/CoreUI
0x00000001aebae000 	/System/Library/Frameworks/CoreAudio.framework/Versions/A/CoreAudio
0x00000001b3d7b000 	/System/Library/Frameworks/DiskArbitration.framework/Versions/A/DiskArbitration
0x00000001b924b000 	/System/Library/PrivateFrameworks/MultitouchSupport.framework/Versions/A/MultitouchSupport
0x00000001b231f000 	/usr/lib/libenergytrace.dylib
0x00000001afc89000 	/System/Library/Frameworks/IOKit.framework/Versions/A/IOKit
0x00000001bdf60000 	/System/Library/Frameworks/CoreServices.framework/Versions/A/CoreServices
0x00000001b466f000 	/System/Library/PrivateFrameworks/PerformanceAnalysis.framework/Versions/A/PerformanceAnalysis
0x000000020e5e9000 	/System/Library/Frameworks/OpenGL.framework/Versions/A/OpenGL
0x00000001b71f5000 	/System/Library/PrivateFrameworks/MobileKeyBag.framework/Versions/A/MobileKeyBag
0x00000001b2d84000 	/System/Library/Frameworks/ColorSync.framework/Versions/A/ColorSync
0x00000001ad228000 	/System/Library/Frameworks/CoreFoundation.framework/Versions/A/CoreFoundation
0x00000001b63d7000 	/System/Library/Frameworks/CoreImage.framework/Versions/A/CoreImage
0x00000001ae9d1000 	/System/Library/Frameworks/CoreText.framework/Versions/A/CoreText
0x00000001b6186000 	/System/Library/Frameworks/ImageIO.framework/Versions/A/ImageIO
0x00000001b7c3d000 	/System/Library/PrivateFrameworks/SoftLinking.framework/Versions/A/SoftLinking
0x00000001b472c000 	/usr/lib/libxml2.2.dylib
0x00000001b7ed6000 	/usr/lib/libcompression.dylib
0x00000001b9891000 	/System/Library/PrivateFrameworks/TextureIO.framework/Versions/A/TextureIO
0x00000001b85f4000 	/usr/lib/libate.dylib
0x00000001b84bc000 	/usr/lib/liblzma.5.dylib
0x00000001ade10000 	/System/Library/Frameworks/SystemConfiguration.framework/Versions/A/SystemConfiguration
0x00000001b7c39000 	/usr/lib/libfakelink.dylib
0x00000001b1e4e000 	/System/Library/Frameworks/CFNetwork.framework/Versions/A/CFNetwork
0x00000001b7d80000 	/usr/lib/libarchive.2.dylib
0x00000001b67a0000 	/System/Library/PrivateFrameworks/AppleSystemInfo.framework/Versions/A/AppleSystemInfo
0x00000001b7300000 	/usr/lib/libbsm.0.dylib
0x00000001b1386000 	/usr/lib/libnetwork.dylib
0x00000001b7bd7000 	/usr/lib/system/libkxld.dylib
0x00000001b6f17000 	/System/Library/PrivateFrameworks/IOMobileFramebuffer.framework/Versions/A/IOMobileFramebuffer
0x000000022a34e000 	/usr/lib/libCoreEntitlements.dylib
0x00000001b791a000 	/System/Library/PrivateFrameworks/AppleFSCompression.framework/Versions/A/AppleFSCompression
0x00000001b72e8000 	/usr/lib/libcoretls.dylib
0x00000001b84d5000 	/usr/lib/libcoretls_cfhelpers.dylib
0x00000001b7ed1000 	/usr/lib/libpam.2.dylib
0x00000001b36d8000 	/usr/lib/libsqlite3.dylib
0x00000001b853d000 	/usr/lib/libxar.1.dylib
0x00000001b792b000 	/usr/lib/libbz2.1.0.dylib
0x00000001b7c3e000 	/usr/lib/libpcap.A.dylib
0x00000001b3aa7000 	/usr/lib/libdns_services.dylib
0x00000001b7ea4000 	/usr/lib/libapple_nghttp2.dylib
0x00000001b7c7b000 	/usr/lib/libiconv.2.dylib
0x00000001b7bd0000 	/usr/lib/libcharset.1.dylib
0x00000001b46ab000 	/System/Library/Frameworks/CoreServices.framework/Versions/A/Frameworks/FSEvents.framework/Versions/A/FSEvents
0x00000001af916000 	/System/Library/Frameworks/CoreServices.framework/Versions/A/Frameworks/CarbonCore.framework/Versions/A/CarbonCore
0x00000001b3cde000 	/System/Library/Frameworks/CoreServices.framework/Versions/A/Frameworks/Metadata.framework/Versions/A/Metadata
0x00000001b793e000 	/System/Library/Frameworks/CoreServices.framework/Versions/A/Frameworks/OSServices.framework/Versions/A/OSServices
0x00000001b7e06000 	/System/Library/Frameworks/CoreServices.framework/Versions/A/Frameworks/SearchKit.framework/Versions/A/SearchKit
0x00000001b3a35000 	/System/Library/Frameworks/CoreServices.framework/Versions/A/Frameworks/AE.framework/Versions/A/AE
0x00000001ad76c000 	/System/Library/Frameworks/CoreServices.framework/Versions/A/Frameworks/LaunchServices.framework/Versions/A/LaunchServices
0x00000001b8465000 	/System/Library/Frameworks/CoreServices.framework/Versions/A/Frameworks/DictionaryServices.framework/Versions/A/DictionaryServices
0x00000001b46b8000 	/System/Library/Frameworks/CoreServices.framework/Versions/A/Frameworks/SharedFileList.framework/Versions/A/SharedFileList
0x00000001b72d8000 	/usr/lib/libCheckFix.dylib
0x00000001b238e000 	/System/Library/PrivateFrameworks/TCC.framework/Versions/A/TCC
0x00000001b67a6000 	/System/Library/PrivateFrameworks/CoreNLP.framework/Versions/A/CoreNLP
0x00000001b3c8a000 	/System/Library/PrivateFrameworks/MetadataUtilities.framework/Versions/A/MetadataUtilities
0x00000001adec9000 	/usr/lib/libmecabra.dylib
0x00000001b7311000 	/usr/lib/libmecab.dylib
0x00000001ade95000 	/usr/lib/libCRFSuite.dylib
0x00000001b736f000 	/usr/lib/libgermantok.dylib
0x00000001b7e7d000 	/usr/lib/libThaiTokenizer.dylib
0x00000001b3d83000 	/System/Library/Frameworks/Accelerate.framework/Versions/A/Frameworks/vImage.framework/Versions/A/vImage
0x00000001bdf37000 	/System/Library/Frameworks/Accelerate.framework/Versions/A/Frameworks/vecLib.framework/Versions/A/vecLib
0x00000001b8581000 	/System/Library/Frameworks/Accelerate.framework/Versions/A/Frameworks/vecLib.framework/Versions/A/libvMisc.dylib
0x00000001b6e21000 	/System/Library/Frameworks/Accelerate.framework/Versions/A/Frameworks/vecLib.framework/Versions/A/libvDSP.dylib
0x00000001adaef000 	/System/Library/Frameworks/Accelerate.framework/Versions/A/Frameworks/vecLib.framework/Versions/A/libBLAS.dylib
0x00000001b7fa5000 	/System/Library/Frameworks/Accelerate.framework/Versions/A/Frameworks/vecLib.framework/Versions/A/libLAPACK.dylib
0x00000001b7372000 	/System/Library/Frameworks/Accelerate.framework/Versions/A/Frameworks/vecLib.framework/Versions/A/libLinearAlgebra.dylib
0x00000001b7ebc000 	/System/Library/Frameworks/Accelerate.framework/Versions/A/Frameworks/vecLib.framework/Versions/A/libSparseBLAS.dylib
0x00000001b7fa0000 	/System/Library/Frameworks/Accelerate.framework/Versions/A/Frameworks/vecLib.framework/Versions/A/libQuadrature.dylib
0x00000001b689d000 	/System/Library/Frameworks/Accelerate.framework/Versions/A/Frameworks/vecLib.framework/Versions/A/libBNNS.dylib
0x00000001addad000 	/System/Library/Frameworks/Accelerate.framework/Versions/A/Frameworks/vecLib.framework/Versions/A/libSparse.dylib
0x00000001b6895000 	/System/Library/PrivateFrameworks/LinguisticData.framework/Versions/A/LinguisticData
0x00000001add63000 	/System/Library/PrivateFrameworks/Lexicon.framework/Versions/A/Lexicon
0x00000001b8579000 	/usr/lib/libChineseTokenizer.dylib
0x00000001ae50a000 	/System/Library/PrivateFrameworks/LanguageModeling.framework/Versions/A/LanguageModeling
0x00000001b7e7f000 	/System/Library/PrivateFrameworks/AppleSauce.framework/Versions/A/AppleSauce
0x00000001b6f04000 	/System/Library/PrivateFrameworks/CoreEmoji.framework/Versions/A/CoreEmoji
0x00000001b7d6e000 	/usr/lib/libcmph.dylib
0x00000001b468b000 	/System/Library/Frameworks/OpenDirectory.framework/Versions/A/Frameworks/CFOpenDirectory.framework/Versions/A/CFOpenDirectory
0x00000001b467b000 	/System/Library/Frameworks/OpenDirectory.framework/Versions/A/OpenDirectory
0x00000001b84d7000 	/System/Library/PrivateFrameworks/APFS.framework/Versions/A/APFS
0x00000001b7230000 	/System/Library/Frameworks/SecurityFoundation.framework/Versions/A/SecurityFoundation
0x00000001b854b000 	/usr/lib/libutil.dylib
0x00000001afc4b000 	/System/Library/PrivateFrameworks/CoreServicesStore.framework/Versions/A/CoreServicesStore
0x00000001b854f000 	/usr/lib/libxslt.1.dylib
0x00000001b72c4000 	/System/Library/PrivateFrameworks/BackgroundTaskManagement.framework/Versions/A/BackgroundTaskManagement
0x00000001b97b2000 	/System/Library/Frameworks/ImageIO.framework/Versions/A/Resources/libRadiance.dylib
0x00000001b97bb000 	/System/Library/Frameworks/ImageIO.framework/Versions/A/Resources/libJPEG.dylib
0x00000001b970d000 	/System/Library/Frameworks/ImageIO.framework/Versions/A/Resources/libPng.dylib
0x00000001b972f000 	/System/Library/Frameworks/ImageIO.framework/Versions/A/Resources/libTIFF.dylib
0x00000001b9816000 	/System/Library/Frameworks/ImageIO.framework/Versions/A/Resources/libGIF.dylib
0x00000001b915b000 	/System/Library/Frameworks/ImageIO.framework/Versions/A/Resources/libJP2.dylib
0x00000001b88a0000 	/usr/lib/libexpat.1.dylib
0x00000001b9116000 	/System/Library/PrivateFrameworks/AppleJPEG.framework/Versions/A/AppleJPEG
0x00000001b5cc9000 	/System/Library/PrivateFrameworks/FontServices.framework/libFontParser.dylib
0x00000001b39da000 	/System/Library/PrivateFrameworks/RunningBoardServices.framework/Versions/A/RunningBoardServices
0x00000001c3eab000 	/System/Library/PrivateFrameworks/IOSurfaceAccelerator.framework/Versions/A/IOSurfaceAccelerator
0x00000001b9247000 	/System/Library/PrivateFrameworks/WatchdogClient.framework/Versions/A/WatchdogClient
0x00000001ae60e000 	/System/Library/Frameworks/CoreDisplay.framework/Versions/A/CoreDisplay
0x00000001b5bb7000 	/System/Library/Frameworks/CoreMedia.framework/Versions/A/CoreMedia
0x00000001b5a4b000 	/System/Library/PrivateFrameworks/IOAccelerator.framework/Versions/A/IOAccelerator
0x00000001b4819000 	/System/Library/Frameworks/CoreVideo.framework/Versions/A/CoreVideo
0x00000001b7ecf000 	/System/Library/Frameworks/MetalPerformanceShaders.framework/Versions/A/MetalPerformanceShaders
0x00000001b9284000 	/System/Library/Frameworks/VideoToolbox.framework/Versions/A/VideoToolbox
0x00000001b391e000 	/System/Library/PrivateFrameworks/BaseBoard.framework/Versions/A/BaseBoard
0x00000001b36bd000 	/System/Library/PrivateFrameworks/ProtocolBuffer.framework/Versions/A/ProtocolBuffer
0x00000001b97ad000 	/System/Library/PrivateFrameworks/GPUWrangler.framework/Versions/A/GPUWrangler
0x00000001b978c000 	/System/Library/PrivateFrameworks/IOPresentment.framework/Versions/A/IOPresentment
0x00000001b97b5000 	/System/Library/PrivateFrameworks/DSExternalDisplay.framework/Versions/A/DSExternalDisplay
0x000000020e5dc000 	/System/Library/Frameworks/OpenGL.framework/Versions/A/Libraries/libCoreFSCache.dylib
0x0000000217d9d000 	/System/Library/PrivateFrameworks/GPUCompiler.framework/Versions/31001/Libraries/libGPUCompilerUtils.dylib
0x00000001b981b000 	/System/Library/PrivateFrameworks/CMCaptureCore.framework/Versions/A/CMCaptureCore
0x00000001b8e54000 	/System/Library/PrivateFrameworks/AppServerSupport.framework/Versions/A/AppServerSupport
0x00000001baff4000 	/System/Library/PrivateFrameworks/perfdata.framework/Versions/A/perfdata
0x00000001ae72e000 	/System/Library/PrivateFrameworks/AudioToolboxCore.framework/Versions/A/AudioToolboxCore
0x00000001b5b8f000 	/System/Library/PrivateFrameworks/caulk.framework/Versions/A/caulk
0x00000001ba8e9000 	/usr/lib/libAudioStatistics.dylib
0x00000001cc1ef000 	/System/Library/PrivateFrameworks/SystemPolicy.framework/Versions/A/SystemPolicy
0x00000001bab49000 	/usr/lib/libSMC.dylib
0x00000001c371a000 	/System/Library/Frameworks/CoreMIDI.framework/Versions/A/CoreMIDI
0x00000001b96db000 	/usr/lib/libAudioToolboxUtility.dylib
0x00000001c8628000 	/System/Library/PrivateFrameworks/OSAServicesClient.framework/Versions/A/OSAServicesClient
0x00000001bb001000 	/usr/lib/libperfcheck.dylib
0x00000001cccf2000 	/usr/lib/libmis.dylib
0x000000020e63d000 	/System/Library/Frameworks/OpenGL.framework/Versions/A/Libraries/libGLU.dylib
0x000000020e5fc000 	/System/Library/Frameworks/OpenGL.framework/Versions/A/Libraries/libGFXShared.dylib
0x000000020e7e6000 	/System/Library/Frameworks/OpenGL.framework/Versions/A/Libraries/libGL.dylib
0x000000020e605000 	/System/Library/Frameworks/OpenGL.framework/Versions/A/Libraries/libGLImage.dylib
0x000000020e5f9000 	/System/Library/Frameworks/OpenGL.framework/Versions/A/Libraries/libCVMSPluginSupport.dylib
0x000000020e5e3000 	/System/Library/Frameworks/OpenGL.framework/Versions/A/Libraries/libCoreVMClient.dylib
0x00000001b6721000 	/System/Library/Frameworks/MetalPerformanceShaders.framework/Versions/A/Frameworks/MPSCore.framework/Versions/A/MPSCore
0x00000001b788d000 	/System/Library/Frameworks/MetalPerformanceShaders.framework/Versions/A/Frameworks/MPSImage.framework/Versions/A/MPSImage
0x00000001b7387000 	/System/Library/Frameworks/MetalPerformanceShaders.framework/Versions/A/Frameworks/MPSNeuralNetwork.framework/Versions/A/MPSNeuralNetwork
0x00000001b77c4000 	/System/Library/Frameworks/MetalPerformanceShaders.framework/Versions/A/Frameworks/MPSMatrix.framework/Versions/A/MPSMatrix
0x00000001b759f000 	/System/Library/Frameworks/MetalPerformanceShaders.framework/Versions/A/Frameworks/MPSRayIntersector.framework/Versions/A/MPSRayIntersector
0x00000001b77f5000 	/System/Library/Frameworks/MetalPerformanceShaders.framework/Versions/A/Frameworks/MPSNDArray.framework/Versions/A/MPSNDArray
0x0000000210313000 	/System/Library/Frameworks/MetalPerformanceShaders.framework/Versions/A/Frameworks/MPSFunctions.framework/Versions/A/MPSFunctions
0x00000001ad9cd000 	/System/Library/PrivateFrameworks/MetalTools.framework/Versions/A/MetalTools
0x00000001b679e000 	/System/Library/PrivateFrameworks/AggregateDictionary.framework/Versions/A/AggregateDictionary
0x00000001b8686000 	/usr/lib/libIOReport.dylib
0x00000001c2701000 	/System/Library/PrivateFrameworks/ASEProcessing.framework/Versions/A/ASEProcessing
0x00000001b89f9000 	/System/Library/PrivateFrameworks/FaceCore.framework/Versions/A/FaceCore
0x00000001b89eb000 	/System/Library/PrivateFrameworks/GraphVisualizer.framework/Versions/A/GraphVisualizer
0x0000000217cb4000 	/System/Library/PrivateFrameworks/FontServices.framework/Versions/A/FontServices
0x00000001b8e0e000 	/System/Library/PrivateFrameworks/OTSVG.framework/Versions/A/OTSVG
0x00000001b43e7000 	/System/Library/Frameworks/ApplicationServices.framework/Versions/A/Frameworks/ATS.framework/Versions/A/Resources/libFontRegistry.dylib
0x00000001b8e5d000 	/System/Library/PrivateFrameworks/FontServices.framework/libhvf.dylib
0x0000000217cb5000 	/System/Library/PrivateFrameworks/FontServices.framework/libXTFontStaticRegistryData.dylib
0x000000020e988000 	/System/Library/Frameworks/OpenCL.framework/Versions/A/OpenCL
0x00000001b8854000 	/System/Library/PrivateFrameworks/AppleVA.framework/Versions/A/AppleVA
0x00000001ba911000 	/System/Library/Frameworks/ApplicationServices.framework/Versions/A/Frameworks/ATS.framework/Versions/A/ATS
0x00000001b2e81000 	/System/Library/Frameworks/ApplicationServices.framework/Versions/A/Frameworks/HIServices.framework/Versions/A/HIServices
0x00000001b9825000 	/System/Library/Frameworks/ApplicationServices.framework/Versions/A/Frameworks/PrintCore.framework/Versions/A/PrintCore
0x00000001bac9c000 	/System/Library/Frameworks/ApplicationServices.framework/Versions/A/Frameworks/QD.framework/Versions/A/QD
0x00000001bac94000 	/System/Library/Frameworks/ApplicationServices.framework/Versions/A/Frameworks/ColorSyncLegacy.framework/Versions/A/ColorSyncLegacy
0x00000001ba8fd000 	/System/Library/Frameworks/ApplicationServices.framework/Versions/A/Frameworks/SpeechSynthesis.framework/Versions/A/SpeechSynthesis
0x00000001b97e6000 	/System/Library/Frameworks/ApplicationServices.framework/Versions/A/Frameworks/ATSUI.framework/Versions/A/ATSUI
0x00000001bac29000 	/usr/lib/libcups.2.dylib
0x00000001bb00f000 	/System/Library/Frameworks/Kerberos.framework/Versions/A/Kerberos
0x00000001bb020000 	/System/Library/Frameworks/GSS.framework/Versions/A/GSS
0x00000001ba980000 	/usr/lib/libresolv.9.dylib
0x00000001b8e6b000 	/System/Library/PrivateFrameworks/Heimdal.framework/Versions/A/Heimdal
0x00000001c1971000 	/System/Library/Frameworks/Kerberos.framework/Versions/A/Libraries/libHeimdalProxy.dylib
0x00000001b3ab9000 	/System/Library/Frameworks/Network.framework/Versions/A/Network
0x00000001b88bb000 	/usr/lib/libheimdal-asn1.dylib
0x00000001bb066000 	/System/Library/PrivateFrameworks/CommonAuth.framework/Versions/A/CommonAuth
0x00000001ba877000 	/System/Library/PrivateFrameworks/AudioSession.framework/Versions/A/AudioSession
0x00000001b894c000 	/System/Library/PrivateFrameworks/MediaExperience.framework/Versions/A/MediaExperience
0x00000001ba6ff000 	/System/Library/PrivateFrameworks/AudioSession.framework/libSessionUtility.dylib
0x00000001baca8000 	/System/Library/PrivateFrameworks/AudioResourceArbitration.framework/Versions/A/AudioResourceArbitration
0x00000001bedb3000 	/System/Library/PrivateFrameworks/PowerLog.framework/Versions/A/PowerLog
0x00000001b88c4000 	/System/Library/PrivateFrameworks/IconFoundation.framework/Versions/A/IconFoundation
0x00000001bdb63000 	/System/Library/PrivateFrameworks/SpeechRecognitionCore.framework/Versions/A/SpeechRecognitionCore
0x0000000105bd4000 	/Library/Java/JavaVirtualMachines/zulu-17.jdk/Contents/Home/lib/server/libjvm.dylib
0x0000000104968000 	/Library/Java/JavaVirtualMachines/zulu-17.jdk/Contents/Home/lib/libjimage.dylib
0x00000001049f0000 	/Library/Java/JavaVirtualMachines/zulu-17.jdk/Contents/Home/lib/libjava.dylib
0x0000000105540000 	/Library/Java/JavaVirtualMachines/zulu-17.jdk/Contents/Home/lib/libnio.dylib
0x0000000105584000 	/Library/Java/JavaVirtualMachines/zulu-17.jdk/Contents/Home/lib/libnet.dylib
0x0000000105520000 	/Library/Java/JavaVirtualMachines/zulu-17.jdk/Contents/Home/lib/libzip.dylib
0x0000000105560000 	/Users/davi/.openjfx/cache/17.0.1/libprism_es2.dylib
0x00000001afc0e000 	/System/Library/PrivateFrameworks/CoreServicesInternal.framework/Versions/A/CoreServicesInternal
0x000000020e7f0000 	/System/Library/Frameworks/OpenGL.framework/Versions/A/Resources/GLEngine.bundle/GLEngine
0x000000020e677000 	/System/Library/Frameworks/OpenGL.framework/Versions/A/Libraries/libGLProgrammability.dylib
0x00000001058bc000 	/System/Library/Extensions/AppleMetalOpenGLRenderer.bundle/Contents/MacOS/AppleMetalOpenGLRenderer
0x000000020e95f000 	/System/Library/Frameworks/OpenGL.framework/Versions/A/Resources/GLRendererFloat.bundle/GLRendererFloat
0x000000020ea00000 	/System/Library/Extensions/AGXMetal13_3.bundle/Contents/MacOS/AGXMetal13_3
0x00000001ccd0e000 	/System/Library/PrivateFrameworks/GPURawCounter.framework/Versions/A/GPURawCounter
0x00000001c77af000 	/System/Library/PrivateFrameworks/IOGPU.framework/Versions/A/IOGPU
0x0000000105854000 	/Users/davi/.openjfx/cache/17.0.1/libglass.dylib
0x00000001bf007000 	/System/Library/Frameworks/FileProvider.framework/Versions/A/FileProvider
0x00000001b3886000 	/System/Library/Frameworks/Accounts.framework/Versions/A/Accounts
0x00000001bf187000 	/System/Library/PrivateFrameworks/GenerationalStorage.framework/Versions/A/GenerationalStorage
0x00000001bfd3d000 	/System/Library/PrivateFrameworks/CoreSymbolication.framework/Versions/A/CoreSymbolication
0x00000001beda7000 	/System/Library/PrivateFrameworks/SymptomDiagnosticReporter.framework/Versions/A/SymptomDiagnosticReporter
0x00000001b0ef7000 	/System/Library/PrivateFrameworks/DesktopServicesPriv.framework/Versions/A/DesktopServicesPriv
0x00000001afd6e000 	/usr/lib/libsandbox.1.dylib
0x00000001b48a6000 	/System/Library/PrivateFrameworks/UserManagement.framework/Versions/A/UserManagement
0x00000001bfcfe000 	/System/Library/PrivateFrameworks/DebugSymbols.framework/Versions/A/DebugSymbols
0x00000001bac87000 	/System/Library/PrivateFrameworks/NetAuth.framework/Versions/A/NetAuth
0x00000001bbb8c000 	/System/Library/PrivateFrameworks/Sharing.framework/Versions/A/Sharing
0x00000001b4876000 	/System/Library/PrivateFrameworks/login.framework/Versions/A/Frameworks/loginsupport.framework/Versions/A/loginsupport
0x00000001c0eb5000 	/System/Library/PrivateFrameworks/Apple80211.framework/Versions/A/Apple80211
0x00000001b7971000 	/System/Library/PrivateFrameworks/AuthKit.framework/Versions/A/AuthKit
0x00000001b7003000 	/System/Library/PrivateFrameworks/CoreUtils.framework/Versions/A/CoreUtils
0x00000001b6f23000 	/System/Library/Frameworks/CoreWLAN.framework/Versions/A/CoreWLAN
0x00000001bbcf6000 	/System/Library/Frameworks/IOBluetooth.framework/Versions/A/IOBluetooth
0x00000001c0f15000 	/System/Library/PrivateFrameworks/CoreWiFi.framework/Versions/A/CoreWiFi
0x00000001bf8e5000 	/System/Library/PrivateFrameworks/FrontBoardServices.framework/Versions/A/FrontBoardServices
0x00000001bf97d000 	/System/Library/PrivateFrameworks/BoardServices.framework/Versions/A/BoardServices
0x00000001b721e000 	/System/Library/PrivateFrameworks/AssertionServices.framework/Versions/A/AssertionServices
0x00000001c1083000 	/System/Library/PrivateFrameworks/BackBoardServices.framework/Versions/A/BackBoardServices
0x00000001bb0f9000 	/System/Library/PrivateFrameworks/CorePhoneNumbers.framework/Versions/A/CorePhoneNumbers
0x00000001beed7000 	/System/Library/PrivateFrameworks/DiskManagement.framework/Versions/A/DiskManagement
0x00000001bedda000 	/System/Library/PrivateFrameworks/AppleIDAuthSupport.framework/Versions/A/AppleIDAuthSupport
0x00000002125dc000 	/System/Library/PrivateFrameworks/AAAFoundation.framework/Versions/A/AAAFoundation
0x00000001bb0d8000 	/System/Library/PrivateFrameworks/KeychainCircle.framework/Versions/A/KeychainCircle
0x00000001beea3000 	/System/Library/PrivateFrameworks/MediaKit.framework/Versions/A/MediaKit
0x00000001bede7000 	/System/Library/Frameworks/DiscRecording.framework/Versions/A/DiscRecording
0x00000001b87d0000 	/usr/lib/libCoreStorage.dylib
0x00000001c137f000 	/usr/lib/libcsfde.dylib
0x00000001bbdcb000 	/System/Library/PrivateFrameworks/ProtectedCloudStorage.framework/Versions/A/ProtectedCloudStorage
0x00000001c1377000 	/System/Library/PrivateFrameworks/EFILogin.framework/Versions/A/EFILogin
0x00000001bf1ae000 	/System/Library/PrivateFrameworks/OctagonTrust.framework/Versions/A/OctagonTrust
0x0000000216f00000 	/System/Library/PrivateFrameworks/CoreUtilsExtras.framework/Versions/A/CoreUtilsExtras
0x00000001bed1d000 	/System/Library/Frameworks/CoreBluetooth.framework/Versions/A/CoreBluetooth
0x00000001c19f6000 	/System/Library/Frameworks/AudioUnit.framework/Versions/A/AudioUnit
0x00000001b87c8000 	/usr/lib/libMatch.1.dylib
0x00000001d0ff1000 	/System/Library/Frameworks/Accelerate.framework/Versions/A/Frameworks/vImage.framework/Versions/A/Libraries/libCGInterfaces.dylib
0x00000001286ec000 	/usr/lib/libobjc-trampolines.dylib
0x00000001b4573000 	/System/Library/PrivateFrameworks/ViewBridge.framework/Versions/A/ViewBridge
0x0000000212c7b000 	/System/Library/PrivateFrameworks/AccessibilityBundles.framework/Versions/A/AccessibilityBundles
0x00000001b8f19000 	/System/Library/PrivateFrameworks/login.framework/Versions/A/login
0x000000012efe4000 	/Users/davi/.openjfx/cache/17.0.1/libjavafx_font.dylib


VM Arguments:
jvm_args: --add-modules=javafx.controls,javafx.fxml --module-path=/Users/davi/.gradle/caches/modules-2/files-2.1/org.jetbrains.kotlin/kotlin-stdlib-common/1.6.10/c118700e3a33c8a0d9adc920e9dec0831171925/kotlin-stdlib-common-1.6.10.jar:/Users/davi/.gradle/caches/modules-2/files-2.1/org.jetbrains.kotlin/kotlin-stdlib/1.6.10/b8af3fe6f1ca88526914929add63cf5e7c5049af/kotlin-stdlib-1.6.10.jar:/Users/davi/.gradle/caches/modules-2/files-2.1/org.jetbrains.kotlin/kotlin-stdlib-jdk7/1.6.10/e1c380673654a089c4f0c9f83d0ddfdc1efdb498/kotlin-stdlib-jdk7-1.6.10.jar:/Users/davi/.gradle/caches/modules-2/files-2.1/org.openjfx/javafx-controls/17.0.1/f25bc1e26af2cfcbc91eac65e51cfbd8eed348a2/javafx-controls-17.0.1-mac-aarch64.jar:/Users/davi/.gradle/caches/modules-2/files-2.1/org.jetbrains/annotations/13.0/919f0dfe192fb4e063e7dacadee7f8bb9a2672a9/annotations-13.0.jar:/Users/davi/.gradle/caches/modules-2/files-2.1/org.openjfx/javafx-base/17.0.1/6df1a3c0d8a9ecd6b5128a205fa45d16ef681268/javafx-base-17.0.1-mac-aarch64.jar:/Users/davi/Desktop/dcsena/a3/project/code/build/classes/merged:/Users/davi/Desktop/dcsena/a3/project/code/build/libs/code-1.0-SNAPSHOT.jar:/Users/davi/.gradle/caches/modules-2/files-2.1/org.jetbrains.kotlin/kotlin-stdlib-jdk8/1.6.10/e80fe6ac3c3573a80305f5ec43f86b829e8ab53d/kotlin-stdlib-jdk8-1.6.10.jar:/Users/davi/.gradle/caches/modules-2/files-2.1/org.openjfx/javafx-graphics/17.0.1/efb1e61df3494f7db795af38eb39dfb64affe45/javafx-graphics-17.0.1-mac-aarch64.jar:/Users/davi/.gradle/caches/modules-2/files-2.1/org.openjfx/javafx-fxml/17.0.1/f1e8bc5d76073c281092a8f9dcf399e273b41245/javafx-fxml-17.0.1-mac-aarch64.jar --patch-module=com.example.code=/Users/davi/Desktop/dcsena/a3/project/code/build/resources/main -Dfile.encoding=UTF-8 -Duser.country=CA -Duser.language=en -Duser.variant -Djdk.module.main=com.example.code 
java_command: com.example.code/com.example.code.HelloApplication
java_class_path (initial): <not set>
Launcher Type: SUN_STANDARD

[Global flags]
     intx CICompilerCount                          = 4                                         {product} {ergonomic}
     uint ConcGCThreads                            = 2                                         {product} {ergonomic}
     uint G1ConcRefinementThreads                  = 8                                         {product} {ergonomic}
   size_t G1HeapRegionSize                         = 2097152                                   {product} {ergonomic}
    uintx GCDrainStackTargetSize                   = 64                                        {product} {ergonomic}
   size_t InitialHeapSize                          = 268435456                                 {product} {ergonomic}
   size_t MarkStackSize                            = 4194304                                   {product} {ergonomic}
   size_t MaxHeapSize                              = 4294967296                                {product} {ergonomic}
   size_t MaxNewSize                               = 2575302656                                {product} {ergonomic}
   size_t MinHeapDeltaBytes                        = 2097152                                   {product} {ergonomic}
   size_t MinHeapSize                              = 8388608                                   {product} {ergonomic}
    uintx NonNMethodCodeHeapSize                   = 5839564                                {pd product} {ergonomic}
    uintx NonProfiledCodeHeapSize                  = 122909338                              {pd product} {ergonomic}
    uintx ProfiledCodeHeapSize                     = 122909338                              {pd product} {ergonomic}
    uintx ReservedCodeCacheSize                    = 251658240                              {pd product} {ergonomic}
     bool SegmentedCodeCache                       = true                                      {product} {ergonomic}
   size_t SoftMaxHeapSize                          = 4294967296                             {manageable} {ergonomic}
     bool UseCompressedClassPointers               = true                           {product lp64_product} {ergonomic}
     bool UseCompressedOops                        = true                           {product lp64_product} {ergonomic}
     bool UseG1GC                                  = true                                      {product} {ergonomic}
     bool UseNUMA                                  = false                                     {product} {ergonomic}
     bool UseNUMAInterleaving                      = false                                     {product} {ergonomic}

Logging:
Log output configuration:
 #0: stdout all=warning uptime,level,tags
 #1: stderr all=off uptime,level,tags

Environment Variables:
PATH=/opt/homebrew/bin:/opt/homebrew/sbin:/usr/local/bin:/usr/bin:/bin:/usr/sbin:/sbin
SHELL=/bin/zsh
LC_CTYPE=en_CA.UTF-8

Signal Handlers:
   SIGSEGV: _ZL13crash_handleriP9__siginfoPv in libjvm.dylib, mask=11100110000111110111111111111111, flags=SA_RESTART|SA_SIGINFO
    SIGBUS: _ZL13crash_handleriP9__siginfoPv in libjvm.dylib, mask=11100110000111110111111111111111, flags=SA_RESTART|SA_SIGINFO
    SIGFPE: _ZL13crash_handleriP9__siginfoPv in libjvm.dylib, mask=11100110000111110111111111111111, flags=SA_RESTART|SA_SIGINFO
   SIGPIPE: _ZL17javaSignalHandleriP9__siginfoPv in libjvm.dylib, mask=11100110000111110111111111111111, flags=SA_RESTART|SA_SIGINFO
   SIGXFSZ: _ZL17javaSignalHandleriP9__siginfoPv in libjvm.dylib, mask=11100110000111110111111111111111, flags=SA_RESTART|SA_SIGINFO
    SIGILL: _ZL13crash_handleriP9__siginfoPv in libjvm.dylib, mask=11100110000111110111111111111111, flags=SA_RESTART|SA_SIGINFO
   SIGUSR2: _ZL10SR_handleriP9__siginfoP17__darwin_ucontext in libjvm.dylib, mask=00100000000000000000000000000000, flags=SA_RESTART|SA_SIGINFO
    SIGHUP: _ZL11UserHandleriPvS_ in libjvm.dylib, mask=11100110000111110111111111111111, flags=SA_RESTART|SA_SIGINFO
    SIGINT: _ZL11UserHandleriPvS_ in libjvm.dylib, mask=11100110000111110111111111111111, flags=SA_RESTART|SA_SIGINFO
   SIGTERM: _ZL11UserHandleriPvS_ in libjvm.dylib, mask=11100110000111110111111111111111, flags=SA_RESTART|SA_SIGINFO
   SIGQUIT: _ZL11UserHandleriPvS_ in libjvm.dylib, mask=11100110000111110111111111111111, flags=SA_RESTART|SA_SIGINFO
  *** Handler was modified!
  *** Expected: _ZL17javaSignalHandleriP9__siginfoPv in libjvm.dylib, mask=11100110100111111111111111111111, flags=SA_RESTART|SA_SIGINFO
   SIGTRAP: _ZL13crash_handleriP9__siginfoPv in libjvm.dylib, mask=11100110000111110111111111111111, flags=SA_RESTART|SA_SIGINFO


---------------  S Y S T E M  ---------------

OS:
uname: Darwin 21.2.0 Darwin Kernel Version 21.2.0: Sun Nov 28 20:29:10 PST 2021; root:xnu-8019.61.5~1/RELEASE_ARM64_T8101 arm64
OS uptime: 35 days 20:35 hours
rlimit (soft/hard): STACK 8176k/65520k , CORE 0k/infinity , NPROC 2666/4000 , NOFILE 10240/infinity , AS infinity/infinity , CPU infinity/infinity , DATA infinity/infinity , FSIZE infinity/infinity , MEMLOCK infinity/infinity , RSS infinity/infinity
load average: 4.12 4.59 4.74

CPU: total 8 (initial active 8) 0x61:0x0:0x1b588bb3:0, fp, simd, crc, lse

Memory: 16k page, physical 16777216k(262016k free), swap 15728640k(1304320k free)

vm_info: OpenJDK 64-Bit Server VM (17.0.3+7-LTS) for bsd-aarch64 JRE (17.0.3+7-LTS) (Zulu17.34+19-CA), built on Apr 17 2022 02:19:29 by "zulu_re" with clang Apple LLVM 12.0.0 (clang-1200.0.32.28)

END.
